[CLIENT] created client; server=('127.0.0.1', 9999) grid=25x25
[CLIENT] sending INIT seq=1
[CLIENT] sending INIT seq=2
[CLIENT] sent msg_type=0 seq=1 bytes=28
[CLIENT] sent msg_type=0 seq=2 bytes=28
[CLIENT] ACK received (for INIT) snapshot=0
[CLIENT] FULL SNAPSHOT received id=4294967295 seq=2
[CLIENT] sending ACK seq=3
[CLIENT] sent msg_type=3 seq=3 bytes=28
[CLIENT] SNAPSHOT received id=4294967295 seq=2 actions=0
[CLIENT] FULL SNAPSHOT received id=4294967295 seq=3
[CLIENT] sending ACK seq=4
[CLIENT] sent msg_type=3 seq=4 bytes=28
[CLIENT] SNAPSHOT received id=4294967295 seq=3 actions=0
[CLIENT] SNAPSHOT received id=1 seq=4 actions=0
[CLIENT] SNAPSHOT received id=2 seq=5 actions=0
[CLIENT] SNAPSHOT received id=3 seq=6 actions=0
[CLIENT] SNAPSHOT received id=4 seq=7 actions=0
[CLIENT] SNAPSHOT received id=5 seq=8 actions=0
[CLIENT] SNAPSHOT received id=6 seq=9 actions=0
[CLIENT] SNAPSHOT received id=7 seq=10 actions=0
[CLIENT] SNAPSHOT received id=8 seq=11 actions=0
[CLIENT] SNAPSHOT received id=9 seq=12 actions=0
[CLIENT] SNAPSHOT received id=10 seq=13 actions=0
[CLIENT] sent msg_type=4 seq=5 bytes=28
[CLIENT] ping (heartbeat): 0ms (avg: 0.0ms)
[CLIENT] SNAPSHOT received id=11 seq=15 actions=0
[CLIENT] SNAPSHOT received id=12 seq=16 actions=0
[CLIENT] SNAPSHOT received id=13 seq=17 actions=0
[CLIENT] SNAPSHOT received id=14 seq=18 actions=0
[CLIENT] SNAPSHOT received id=15 seq=19 actions=0
[CLIENT] SNAPSHOT received id=16 seq=20 actions=0
[CLIENT] SNAPSHOT received id=17 seq=21 actions=0
[CLIENT] SNAPSHOT received id=18 seq=22 actions=0
[CLIENT] SNAPSHOT received id=19 seq=23 actions=0
[CLIENT] sent msg_type=4 seq=6 bytes=28
[CLIENT] ping (heartbeat): 1ms (avg: 0.5ms)
[CLIENT] SNAPSHOT received id=20 seq=25 actions=0
[CLIENT] SNAPSHOT received id=21 seq=26 actions=0
[CLIENT] SNAPSHOT received id=22 seq=27 actions=0
[CLIENT] SNAPSHOT received id=23 seq=28 actions=0
[CLIENT] SNAPSHOT received id=24 seq=29 actions=0
[CLIENT] SNAPSHOT received id=25 seq=30 actions=0
[CLIENT] SNAPSHOT received id=26 seq=31 actions=0
[CLIENT] SNAPSHOT received id=27 seq=32 actions=0
[CLIENT] SNAPSHOT received id=28 seq=33 actions=0
[CLIENT] SNAPSHOT received id=29 seq=34 actions=0
[CLIENT] sent msg_type=4 seq=7 bytes=28
[CLIENT] ping (heartbeat): 1ms (avg: 0.7ms)
[CLIENT] SNAPSHOT received id=30 seq=36 actions=0
[CLIENT] SNAPSHOT received id=31 seq=37 actions=0
[CLIENT] SNAPSHOT received id=32 seq=38 actions=0
[CLIENT] SNAPSHOT received id=33 seq=39 actions=0
[CLIENT] SNAPSHOT received id=34 seq=40 actions=0
[CLIENT] SNAPSHOT received id=35 seq=41 actions=0
[CLIENT] SNAPSHOT received id=36 seq=42 actions=0
[CLIENT] SNAPSHOT received id=37 seq=43 actions=0
[CLIENT] SNAPSHOT received id=38 seq=44 actions=0
[CLIENT] SNAPSHOT received id=39 seq=45 actions=0
[CLIENT] sent msg_type=4 seq=8 bytes=28
[CLIENT] ping (heartbeat): 1ms (avg: 0.8ms)
[CLIENT] SNAPSHOT received id=40 seq=47 actions=0
[CLIENT] SNAPSHOT received id=41 seq=48 actions=0
[CLIENT] SNAPSHOT received id=42 seq=49 actions=0
[CLIENT] SNAPSHOT received id=43 seq=50 actions=0
[CLIENT] SNAPSHOT received id=44 seq=51 actions=0
[CLIENT] SNAPSHOT received id=45 seq=52 actions=0
[CLIENT] SNAPSHOT received id=46 seq=53 actions=0
[CLIENT] SNAPSHOT received id=47 seq=54 actions=0
[CLIENT] SNAPSHOT received id=48 seq=55 actions=0
[CLIENT] sent msg_type=4 seq=9 bytes=28
[CLIENT] ping (heartbeat): 1ms (avg: 0.8ms)
[CLIENT] SNAPSHOT received id=49 seq=57 actions=0
[CLIENT] SNAPSHOT received id=50 seq=58 actions=0
[CLIENT] SNAPSHOT received id=51 seq=59 actions=0
[CLIENT] SNAPSHOT received id=52 seq=60 actions=0
[CLIENT] SNAPSHOT received id=53 seq=61 actions=0
[CLIENT] SNAPSHOT received id=54 seq=62 actions=0
[CLIENT] SNAPSHOT received id=55 seq=63 actions=0
[CLIENT] SNAPSHOT received id=56 seq=64 actions=0
[CLIENT] SNAPSHOT received id=57 seq=65 actions=0
[CLIENT] SNAPSHOT received id=58 seq=66 actions=0
[CLIENT] sent msg_type=4 seq=10 bytes=28
[CLIENT] ping (heartbeat): 0ms (avg: 0.7ms)
[CLIENT] SNAPSHOT received id=59 seq=68 actions=0
[CLIENT] SNAPSHOT received id=60 seq=69 actions=0
[CLIENT] SNAPSHOT received id=61 seq=70 actions=0
[CLIENT] SNAPSHOT received id=62 seq=71 actions=0
[CLIENT] SNAPSHOT received id=63 seq=72 actions=0
[CLIENT] SNAPSHOT received id=64 seq=73 actions=0
[CLIENT] SNAPSHOT received id=65 seq=74 actions=0
[CLIENT] SNAPSHOT received id=66 seq=75 actions=0
[CLIENT] SNAPSHOT received id=67 seq=76 actions=0
[CLIENT] sent msg_type=4 seq=11 bytes=28
[CLIENT] ping (heartbeat): 1ms (avg: 0.7ms)
[CLIENT] SNAPSHOT received id=68 seq=78 actions=0
[CLIENT] SNAPSHOT received id=69 seq=79 actions=0
[CLIENT] SNAPSHOT received id=70 seq=80 actions=0
[CLIENT] SNAPSHOT received id=71 seq=81 actions=0
[CLIENT] SNAPSHOT received id=72 seq=82 actions=0
[CLIENT] SNAPSHOT received id=73 seq=83 actions=0
[CLIENT] SNAPSHOT received id=74 seq=84 actions=0
[CLIENT] SNAPSHOT received id=75 seq=85 actions=0
[CLIENT] SNAPSHOT received id=76 seq=86 actions=0
[CLIENT] SNAPSHOT received id=77 seq=87 actions=0
[CLIENT] sent msg_type=4 seq=12 bytes=28
[CLIENT] ping (heartbeat): 0ms (avg: 0.6ms)
[CLIENT] SNAPSHOT received id=78 seq=89 actions=0
[CLIENT] SNAPSHOT received id=79 seq=90 actions=0
[CLIENT] SNAPSHOT received id=80 seq=91 actions=0
[CLIENT] SNAPSHOT received id=81 seq=92 actions=0
[CLIENT] SNAPSHOT received id=82 seq=93 actions=0
[CLIENT] SNAPSHOT received id=83 seq=94 actions=0
[CLIENT] SNAPSHOT received id=84 seq=95 actions=0
[CLIENT] SNAPSHOT received id=85 seq=96 actions=0
[CLIENT] SNAPSHOT received id=86 seq=97 actions=0
[CLIENT] SNAPSHOT received id=87 seq=98 actions=0
[CLIENT] sent msg_type=4 seq=13 bytes=28
[CLIENT] ping (heartbeat): 0ms (avg: 0.6ms)
[CLIENT] SNAPSHOT received id=88 seq=100 actions=0
[CLIENT] SNAPSHOT received id=89 seq=101 actions=0
[CLIENT] SNAPSHOT received id=90 seq=102 actions=0
[CLIENT] SNAPSHOT received id=91 seq=103 actions=0
[CLIENT] SNAPSHOT received id=92 seq=104 actions=0
[CLIENT] SNAPSHOT received id=93 seq=105 actions=0
[CLIENT] SNAPSHOT received id=94 seq=106 actions=0
[CLIENT] SNAPSHOT received id=95 seq=107 actions=0
[CLIENT] SNAPSHOT received id=96 seq=108 actions=0
[CLIENT] sent msg_type=4 seq=14 bytes=28
[CLIENT] ping (heartbeat): 1ms (avg: 0.6ms)
[CLIENT] SNAPSHOT received id=97 seq=110 actions=0
[CLIENT] SNAPSHOT received id=98 seq=111 actions=0
[CLIENT] SNAPSHOT received id=99 seq=112 actions=0
[CLIENT] SNAPSHOT received id=100 seq=113 actions=0
[CLIENT] SNAPSHOT received id=101 seq=114 actions=0
[CLIENT] SNAPSHOT received id=102 seq=115 actions=0
[CLIENT] SNAPSHOT received id=103 seq=116 actions=0
[CLIENT] SNAPSHOT received id=104 seq=117 actions=0
[CLIENT] SNAPSHOT received id=105 seq=118 actions=0
[CLIENT] SNAPSHOT received id=106 seq=119 actions=0
[CLIENT] sent msg_type=4 seq=15 bytes=28
[CLIENT] ping (heartbeat): 1ms (avg: 0.7ms)
[CLIENT] SNAPSHOT received id=107 seq=121 actions=0
[CLIENT] SNAPSHOT received id=108 seq=122 actions=0
[CLIENT] SNAPSHOT received id=109 seq=123 actions=0
[CLIENT] SNAPSHOT received id=110 seq=124 actions=0
[CLIENT] SNAPSHOT received id=111 seq=125 actions=0
[CLIENT] SNAPSHOT received id=112 seq=126 actions=0
[CLIENT] SNAPSHOT received id=113 seq=127 actions=0
[CLIENT] SNAPSHOT received id=114 seq=128 actions=0
[CLIENT] SNAPSHOT received id=115 seq=129 actions=0
[CLIENT] SNAPSHOT received id=116 seq=130 actions=0
[CLIENT] sent msg_type=4 seq=16 bytes=28
[CLIENT] ping (heartbeat): 1ms (avg: 0.7ms)
[CLIENT] SNAPSHOT received id=117 seq=132 actions=0
[CLIENT] SNAPSHOT received id=118 seq=133 actions=0
[CLIENT] SNAPSHOT received id=119 seq=134 actions=0
[CLIENT] SNAPSHOT received id=120 seq=135 actions=0
[CLIENT] SNAPSHOT received id=121 seq=136 actions=0
[CLIENT] SNAPSHOT received id=122 seq=137 actions=0
[CLIENT] SNAPSHOT received id=123 seq=138 actions=0
[CLIENT] SNAPSHOT received id=124 seq=139 actions=0
[CLIENT] SNAPSHOT received id=125 seq=140 actions=0
[CLIENT] sent msg_type=4 seq=17 bytes=28
[CLIENT] ping (heartbeat): 0ms (avg: 0.6ms)
[CLIENT] SNAPSHOT received id=126 seq=142 actions=0
[CLIENT] SNAPSHOT received id=127 seq=143 actions=0
[CLIENT] SNAPSHOT received id=128 seq=144 actions=0
[CLIENT] SNAPSHOT received id=129 seq=145 actions=0
[CLIENT] SNAPSHOT received id=130 seq=146 actions=0
[CLIENT] SNAPSHOT received id=131 seq=147 actions=0
[CLIENT] SNAPSHOT received id=132 seq=148 actions=0
[CLIENT] SNAPSHOT received id=133 seq=149 actions=0
[CLIENT] SNAPSHOT received id=134 seq=150 actions=0
[CLIENT] SNAPSHOT received id=135 seq=151 actions=0
[CLIENT] sent msg_type=4 seq=18 bytes=28
[CLIENT] ping (heartbeat): 0ms (avg: 0.5ms)
[CLIENT] SNAPSHOT received id=136 seq=153 actions=0
[CLIENT] SNAPSHOT received id=137 seq=154 actions=0
[CLIENT] SNAPSHOT received id=138 seq=155 actions=0
[CLIENT] SNAPSHOT received id=139 seq=156 actions=0
[CLIENT] SNAPSHOT received id=140 seq=157 actions=0
[CLIENT] SNAPSHOT received id=141 seq=158 actions=0
[CLIENT] SNAPSHOT received id=142 seq=159 actions=0
[CLIENT] SNAPSHOT received id=143 seq=160 actions=0
[CLIENT] SNAPSHOT received id=144 seq=161 actions=0
[CLIENT] sent msg_type=4 seq=19 bytes=28
[CLIENT] ping (heartbeat): 0ms (avg: 0.4ms)
[CLIENT] SNAPSHOT received id=145 seq=163 actions=0
[CLIENT] SNAPSHOT received id=146 seq=164 actions=0
[CLIENT] SNAPSHOT received id=147 seq=165 actions=0
[CLIENT] SNAPSHOT received id=148 seq=166 actions=0
[CLIENT] SNAPSHOT received id=149 seq=167 actions=0
[CLIENT] SNAPSHOT received id=150 seq=168 actions=0
[CLIENT] SNAPSHOT received id=151 seq=169 actions=0
[CLIENT] SNAPSHOT received id=152 seq=170 actions=0
[CLIENT] SNAPSHOT received id=153 seq=171 actions=0
[CLIENT] SNAPSHOT received id=154 seq=172 actions=0
[CLIENT] sent msg_type=4 seq=20 bytes=28
[CLIENT] ping (heartbeat): 0ms (avg: 0.4ms)
[CLIENT] SNAPSHOT received id=155 seq=174 actions=0
[CLIENT] SNAPSHOT received id=156 seq=175 actions=0
[CLIENT] SNAPSHOT received id=157 seq=176 actions=0
[CLIENT] SNAPSHOT received id=158 seq=177 actions=0
[CLIENT] SNAPSHOT received id=159 seq=178 actions=0
[CLIENT] SNAPSHOT received id=160 seq=179 actions=0
[CLIENT] SNAPSHOT received id=161 seq=180 actions=0
[CLIENT] SNAPSHOT received id=162 seq=181 actions=0
[CLIENT] SNAPSHOT received id=163 seq=182 actions=0
[CLIENT] SNAPSHOT received id=164 seq=183 actions=0
[CLIENT] sent msg_type=4 seq=21 bytes=28
[CLIENT] ping (heartbeat): 0ms (avg: 0.3ms)
[CLIENT] SNAPSHOT received id=165 seq=185 actions=0
[CLIENT] SNAPSHOT received id=166 seq=186 actions=0
[CLIENT] SNAPSHOT received id=167 seq=187 actions=0
[CLIENT] SNAPSHOT received id=168 seq=188 actions=0
[CLIENT] SNAPSHOT received id=169 seq=189 actions=0
[CLIENT] SNAPSHOT received id=170 seq=190 actions=0
[CLIENT] SNAPSHOT received id=171 seq=191 actions=0
[CLIENT] SNAPSHOT received id=172 seq=192 actions=0
[CLIENT] SNAPSHOT received id=173 seq=193 actions=0
[CLIENT] sent msg_type=4 seq=22 bytes=28
[CLIENT] ping (heartbeat): 1ms (avg: 0.4ms)
[CLIENT] SNAPSHOT received id=174 seq=195 actions=0
[CLIENT] SNAPSHOT received id=175 seq=196 actions=0
[CLIENT] SNAPSHOT received id=176 seq=197 actions=0
[CLIENT] SNAPSHOT received id=177 seq=198 actions=0
[CLIENT] SNAPSHOT received id=178 seq=199 actions=0
[CLIENT] SNAPSHOT received id=179 seq=200 actions=0
[CLIENT] SNAPSHOT received id=180 seq=201 actions=0
[CLIENT] SNAPSHOT received id=181 seq=202 actions=0
[CLIENT] SNAPSHOT received id=182 seq=203 actions=0
[CLIENT] SNAPSHOT received id=183 seq=204 actions=0
[CLIENT] sent msg_type=4 seq=23 bytes=28
[CLIENT] ping (heartbeat): 1ms (avg: 0.5ms)
[CLIENT] SNAPSHOT received id=184 seq=206 actions=0
[CLIENT] SNAPSHOT received id=185 seq=207 actions=0
[CLIENT] SNAPSHOT received id=186 seq=208 actions=0
[CLIENT] SNAPSHOT received id=187 seq=209 actions=0
[CLIENT] SNAPSHOT received id=188 seq=210 actions=0
[CLIENT] SNAPSHOT received id=189 seq=211 actions=0
[CLIENT] SNAPSHOT received id=190 seq=212 actions=0
[CLIENT] SNAPSHOT received id=191 seq=213 actions=0
[CLIENT] SNAPSHOT received id=192 seq=214 actions=0
[CLIENT] SNAPSHOT received id=193 seq=215 actions=0
[CLIENT] sent msg_type=4 seq=24 bytes=28
[CLIENT] ping (heartbeat): 0ms (avg: 0.4ms)
[CLIENT] SNAPSHOT received id=194 seq=217 actions=0
[CLIENT] SNAPSHOT received id=195 seq=218 actions=0
[CLIENT] SNAPSHOT received id=196 seq=219 actions=0
[CLIENT] SNAPSHOT received id=197 seq=220 actions=0
[CLIENT] SNAPSHOT received id=198 seq=221 actions=0
[CLIENT] SNAPSHOT received id=199 seq=222 actions=0
[CLIENT] SNAPSHOT received id=200 seq=223 actions=0
[CLIENT] SNAPSHOT received id=201 seq=224 actions=0
[CLIENT] SNAPSHOT received id=202 seq=225 actions=0
[CLIENT] sent msg_type=4 seq=25 bytes=28
[CLIENT] ping (heartbeat): 0ms (avg: 0.3ms)
[CLIENT] SNAPSHOT received id=203 seq=227 actions=0
[CLIENT] SNAPSHOT received id=204 seq=228 actions=0
[CLIENT] SNAPSHOT received id=205 seq=229 actions=0
[CLIENT] SNAPSHOT received id=206 seq=230 actions=0
[CLIENT] SNAPSHOT received id=207 seq=231 actions=0
[CLIENT] SNAPSHOT received id=208 seq=232 actions=0
[CLIENT] SNAPSHOT received id=209 seq=233 actions=0
[CLIENT] SNAPSHOT received id=210 seq=234 actions=0
[CLIENT] SNAPSHOT received id=211 seq=235 actions=0
[CLIENT] SNAPSHOT received id=212 seq=236 actions=0
[CLIENT] sent msg_type=4 seq=26 bytes=28
[CLIENT] ping (heartbeat): 1ms (avg: 0.3ms)
[CLIENT] SNAPSHOT received id=213 seq=238 actions=0
[CLIENT] SNAPSHOT received id=214 seq=239 actions=0
[CLIENT] SNAPSHOT received id=215 seq=240 actions=0
[CLIENT] SNAPSHOT received id=216 seq=241 actions=0
[CLIENT] SNAPSHOT received id=217 seq=242 actions=0
[CLIENT] SNAPSHOT received id=218 seq=243 actions=0
[CLIENT] SNAPSHOT received id=219 seq=244 actions=0
[CLIENT] SNAPSHOT received id=220 seq=245 actions=0
[CLIENT] SNAPSHOT received id=221 seq=246 actions=0
[CLIENT] SNAPSHOT received id=222 seq=247 actions=0
[CLIENT] sent msg_type=4 seq=27 bytes=28
[CLIENT] ping (heartbeat): 0ms (avg: 0.3ms)
[CLIENT] SNAPSHOT received id=223 seq=249 actions=0
[CLIENT] SNAPSHOT received id=224 seq=250 actions=0
[CLIENT] SNAPSHOT received id=225 seq=251 actions=0
[CLIENT] SNAPSHOT received id=226 seq=252 actions=0
[CLIENT] SNAPSHOT received id=227 seq=253 actions=0
[CLIENT] SNAPSHOT received id=228 seq=254 actions=0
[CLIENT] SNAPSHOT received id=229 seq=255 actions=0
[CLIENT] SNAPSHOT received id=230 seq=256 actions=0
[CLIENT] SNAPSHOT received id=231 seq=257 actions=0
[CLIENT] SNAPSHOT received id=232 seq=258 actions=0
[CLIENT] sent msg_type=4 seq=28 bytes=28
[CLIENT] ping (heartbeat): 1ms (avg: 0.4ms)
[CLIENT] SNAPSHOT received id=233 seq=260 actions=0
[CLIENT] SNAPSHOT received id=234 seq=261 actions=0
[CLIENT] SNAPSHOT received id=235 seq=262 actions=0
[CLIENT] SNAPSHOT received id=236 seq=263 actions=0
[CLIENT] SNAPSHOT received id=237 seq=264 actions=0
[CLIENT] SNAPSHOT received id=238 seq=265 actions=0
[CLIENT] SNAPSHOT received id=239 seq=266 actions=0
[CLIENT] SNAPSHOT received id=240 seq=267 actions=0
[CLIENT] SNAPSHOT received id=241 seq=268 actions=0
[CLIENT] sent msg_type=4 seq=29 bytes=28
[CLIENT] ping (heartbeat): 0ms (avg: 0.4ms)
[CLIENT] SNAPSHOT received id=242 seq=270 actions=0
[CLIENT] SNAPSHOT received id=243 seq=271 actions=0
[CLIENT] SNAPSHOT received id=244 seq=272 actions=0
[CLIENT] SNAPSHOT received id=245 seq=273 actions=0
[CLIENT] SNAPSHOT received id=246 seq=274 actions=0
[CLIENT] SNAPSHOT received id=247 seq=275 actions=0
[CLIENT] SNAPSHOT received id=248 seq=276 actions=0
[CLIENT] SNAPSHOT received id=249 seq=277 actions=0
[CLIENT] SNAPSHOT received id=250 seq=278 actions=0
[CLIENT] SNAPSHOT received id=251 seq=279 actions=0
[CLIENT] sent msg_type=4 seq=30 bytes=28
[CLIENT] ping (heartbeat): 1ms (avg: 0.5ms)
[CLIENT] SNAPSHOT received id=252 seq=281 actions=0
[CLIENT] SNAPSHOT received id=253 seq=282 actions=0
[CLIENT] SNAPSHOT received id=254 seq=283 actions=0
[CLIENT] SNAPSHOT received id=255 seq=284 actions=0
[CLIENT] SNAPSHOT received id=256 seq=285 actions=0
[CLIENT] SNAPSHOT received id=257 seq=286 actions=0
[CLIENT] SNAPSHOT received id=258 seq=287 actions=0
[CLIENT] SNAPSHOT received id=259 seq=288 actions=0
[CLIENT] SNAPSHOT received id=260 seq=289 actions=0
[CLIENT] sent msg_type=4 seq=31 bytes=28
[CLIENT] ping (heartbeat): 0ms (avg: 0.5ms)
[CLIENT] SNAPSHOT received id=261 seq=291 actions=0
[CLIENT] SNAPSHOT received id=262 seq=292 actions=0
[CLIENT] SNAPSHOT received id=263 seq=293 actions=0
[CLIENT] SNAPSHOT received id=264 seq=294 actions=0
[CLIENT] SNAPSHOT received id=265 seq=295 actions=0
[CLIENT] SNAPSHOT received id=266 seq=296 actions=0
[CLIENT] SNAPSHOT received id=267 seq=297 actions=0
[CLIENT] SNAPSHOT received id=268 seq=298 actions=0
[CLIENT] SNAPSHOT received id=269 seq=299 actions=0
[CLIENT] SNAPSHOT received id=270 seq=300 actions=0
[CLIENT] sent msg_type=4 seq=32 bytes=28
[CLIENT] ping (heartbeat): 1ms (avg: 0.5ms)
[CLIENT] SNAPSHOT received id=271 seq=302 actions=0
[CLIENT] SNAPSHOT received id=272 seq=303 actions=0
[CLIENT] SNAPSHOT received id=273 seq=304 actions=0
[CLIENT] SNAPSHOT received id=274 seq=305 actions=0
[CLIENT] SNAPSHOT received id=275 seq=306 actions=0
[CLIENT] SNAPSHOT received id=276 seq=307 actions=0
[CLIENT] SNAPSHOT received id=277 seq=308 actions=0
[CLIENT] SNAPSHOT received id=278 seq=309 actions=0
[CLIENT] SNAPSHOT received id=279 seq=310 actions=0
[CLIENT] SNAPSHOT received id=280 seq=311 actions=0
[CLIENT] sent msg_type=4 seq=33 bytes=28
[CLIENT] ping (heartbeat): 1ms (avg: 0.5ms)
[CLIENT] SNAPSHOT received id=281 seq=313 actions=0
[CLIENT] SNAPSHOT received id=282 seq=314 actions=0
[CLIENT] SNAPSHOT received id=283 seq=315 actions=0
[CLIENT] SNAPSHOT received id=284 seq=316 actions=0
[CLIENT] SNAPSHOT received id=285 seq=317 actions=0
[CLIENT] SNAPSHOT received id=286 seq=318 actions=0
[CLIENT] SNAPSHOT received id=287 seq=319 actions=0
[CLIENT] SNAPSHOT received id=288 seq=320 actions=0
[CLIENT] SNAPSHOT received id=289 seq=321 actions=0
[CLIENT] sent msg_type=4 seq=34 bytes=28
[CLIENT] ping (heartbeat): 1ms (avg: 0.6ms)
[CLIENT] SNAPSHOT received id=290 seq=323 actions=0
[CLIENT] SNAPSHOT received id=291 seq=324 actions=0
[CLIENT] SNAPSHOT received id=292 seq=325 actions=0
[CLIENT] SNAPSHOT received id=293 seq=326 actions=0
[CLIENT] SNAPSHOT received id=294 seq=327 actions=0
[CLIENT] SNAPSHOT received id=295 seq=328 actions=0
[CLIENT] SNAPSHOT received id=296 seq=329 actions=0
[CLIENT] SNAPSHOT received id=297 seq=330 actions=0
[CLIENT] SNAPSHOT received id=298 seq=331 actions=0
[CLIENT] SNAPSHOT received id=299 seq=332 actions=0
[CLIENT] sent msg_type=4 seq=35 bytes=28
[CLIENT] ping (heartbeat): 1ms (avg: 0.7ms)
[CLIENT] SNAPSHOT received id=300 seq=334 actions=0
[CLIENT] SNAPSHOT received id=301 seq=335 actions=0
[CLIENT] SNAPSHOT received id=302 seq=336 actions=0
[CLIENT] SNAPSHOT received id=303 seq=337 actions=0
[CLIENT] SNAPSHOT received id=304 seq=338 actions=0
[CLIENT] SNAPSHOT received id=305 seq=339 actions=0
[CLIENT] SNAPSHOT received id=306 seq=340 actions=0
[CLIENT] SNAPSHOT received id=307 seq=341 actions=0
[CLIENT] SNAPSHOT received id=308 seq=342 actions=0
[CLIENT] SNAPSHOT received id=309 seq=343 actions=0
[CLIENT] sent msg_type=4 seq=36 bytes=28
[CLIENT] ping (heartbeat): 0ms (avg: 0.6ms)
[CLIENT] SNAPSHOT received id=310 seq=345 actions=0
[CLIENT] SNAPSHOT received id=311 seq=346 actions=0
[CLIENT] SNAPSHOT received id=312 seq=347 actions=0
[CLIENT] SNAPSHOT received id=313 seq=348 actions=0
[CLIENT] SNAPSHOT received id=314 seq=349 actions=0
[CLIENT] SNAPSHOT received id=315 seq=350 actions=0
[CLIENT] SNAPSHOT received id=316 seq=351 actions=0
[CLIENT] SNAPSHOT received id=317 seq=352 actions=0
[CLIENT] SNAPSHOT received id=318 seq=353 actions=0
[CLIENT] sent msg_type=4 seq=37 bytes=28
[CLIENT] ping (heartbeat): 1ms (avg: 0.7ms)
[CLIENT] SNAPSHOT received id=319 seq=355 actions=0
[CLIENT] SNAPSHOT received id=320 seq=356 actions=0
[CLIENT] SNAPSHOT received id=321 seq=357 actions=0
[CLIENT] SNAPSHOT received id=322 seq=358 actions=0
[CLIENT] SNAPSHOT received id=323 seq=359 actions=0
[CLIENT] SNAPSHOT received id=324 seq=360 actions=0
[CLIENT] SNAPSHOT received id=325 seq=361 actions=0
[CLIENT] SNAPSHOT received id=326 seq=362 actions=0
[CLIENT] SNAPSHOT received id=327 seq=363 actions=0
[CLIENT] SNAPSHOT received id=328 seq=364 actions=0
[CLIENT] sent msg_type=4 seq=38 bytes=28
[CLIENT] ping (heartbeat): 0ms (avg: 0.6ms)
[CLIENT] SNAPSHOT received id=329 seq=366 actions=0
[CLIENT] SNAPSHOT received id=330 seq=367 actions=0
[CLIENT] SNAPSHOT received id=331 seq=368 actions=0
[CLIENT] SNAPSHOT received id=332 seq=369 actions=0
[CLIENT] SNAPSHOT received id=333 seq=370 actions=0
[CLIENT] SNAPSHOT received id=334 seq=371 actions=0
[CLIENT] SNAPSHOT received id=335 seq=372 actions=0
[CLIENT] SNAPSHOT received id=336 seq=373 actions=0
[CLIENT] SNAPSHOT received id=337 seq=374 actions=0
[CLIENT] SNAPSHOT received id=338 seq=375 actions=0
[CLIENT] sent msg_type=4 seq=39 bytes=28
[CLIENT] ping (heartbeat): 0ms (avg: 0.6ms)
[CLIENT] SNAPSHOT received id=339 seq=377 actions=0
[CLIENT] SNAPSHOT received id=340 seq=378 actions=0
[CLIENT] SNAPSHOT received id=341 seq=379 actions=0
[CLIENT] SNAPSHOT received id=342 seq=380 actions=0
[CLIENT] SNAPSHOT received id=343 seq=381 actions=0
[CLIENT] SNAPSHOT received id=344 seq=382 actions=0
[CLIENT] SNAPSHOT received id=345 seq=383 actions=0
[CLIENT] SNAPSHOT received id=346 seq=384 actions=0
[CLIENT] SNAPSHOT received id=347 seq=385 actions=0
[CLIENT] sent msg_type=4 seq=40 bytes=28
[CLIENT] ping (heartbeat): 1ms (avg: 0.6ms)
[CLIENT] SNAPSHOT received id=348 seq=387 actions=0
[CLIENT] SNAPSHOT received id=349 seq=388 actions=0
[CLIENT] SNAPSHOT received id=350 seq=389 actions=0
[CLIENT] SNAPSHOT received id=351 seq=390 actions=0
[CLIENT] SNAPSHOT received id=352 seq=391 actions=0
[CLIENT] SNAPSHOT received id=353 seq=392 actions=0
[CLIENT] SNAPSHOT received id=354 seq=393 actions=0
[CLIENT] SNAPSHOT received id=355 seq=394 actions=0
[CLIENT] SNAPSHOT received id=356 seq=395 actions=0
[CLIENT] SNAPSHOT received id=357 seq=396 actions=0
[CLIENT] sent msg_type=4 seq=41 bytes=28
[CLIENT] ping (heartbeat): 1ms (avg: 0.7ms)
[CLIENT] SNAPSHOT received id=358 seq=398 actions=0
[CLIENT] SNAPSHOT received id=359 seq=399 actions=0
[CLIENT] SNAPSHOT received id=360 seq=400 actions=0
[CLIENT] SNAPSHOT received id=361 seq=401 actions=0
[CLIENT] SNAPSHOT received id=362 seq=402 actions=0
[CLIENT] SNAPSHOT received id=363 seq=403 actions=0
[CLIENT] SNAPSHOT received id=364 seq=404 actions=0
[CLIENT] SNAPSHOT received id=365 seq=405 actions=0
[CLIENT] SNAPSHOT received id=366 seq=406 actions=0
[CLIENT] SNAPSHOT received id=367 seq=407 actions=0
[CLIENT] sent msg_type=4 seq=42 bytes=28
[CLIENT] ping (heartbeat): 2ms (avg: 0.8ms)
[CLIENT] SNAPSHOT received id=368 seq=409 actions=0
[CLIENT] SNAPSHOT received id=369 seq=410 actions=0
[CLIENT] SNAPSHOT received id=370 seq=411 actions=0
[CLIENT] SNAPSHOT received id=371 seq=412 actions=0
[CLIENT] SNAPSHOT received id=372 seq=413 actions=0
[CLIENT] SNAPSHOT received id=373 seq=414 actions=0
[CLIENT] SNAPSHOT received id=374 seq=415 actions=0
[CLIENT] SNAPSHOT received id=375 seq=416 actions=0
[CLIENT] SNAPSHOT received id=376 seq=417 actions=0
[CLIENT] sent msg_type=4 seq=43 bytes=28
[CLIENT] ping (heartbeat): 1ms (avg: 0.8ms)
[CLIENT] SNAPSHOT received id=377 seq=419 actions=0
[CLIENT] SNAPSHOT received id=378 seq=420 actions=0
[CLIENT] SNAPSHOT received id=379 seq=421 actions=0
[CLIENT] SNAPSHOT received id=380 seq=422 actions=0
[CLIENT] SNAPSHOT received id=381 seq=423 actions=0
[CLIENT] SNAPSHOT received id=382 seq=424 actions=0
[CLIENT] SNAPSHOT received id=383 seq=425 actions=0
[CLIENT] SNAPSHOT received id=384 seq=426 actions=0
[CLIENT] SNAPSHOT received id=385 seq=427 actions=0
