[SERVER] Listening on 0.0.0.0:9999
[SERVER] Registered new client ('127.0.0.1', 55938) as Player 1, pending ack
[SERVER] INIT from ('127.0.0.1', 55938) → Player 1
[SERVER] Sent FULL SNAPSHOT #4294967295 to Player 1 (actions: 0)
[SERVER] Sent FULL SNAPSHOT #4294967295 to Player 1 (actions: 0)
[SERVER] Received ACK from Player 1 → activated
[SERVER] Sent SNAPSHOT #1 to 1 clients (actions: 0)
[SERVER] Sent SNAPSHOT #2 to 1 clients (actions: 0)
[SERVER] Sent SNAPSHOT #3 to 1 clients (actions: 0)
[SERVER] Sent SNAPSHOT #4 to 1 clients (actions: 0)
[SERVER] Sent SNAPSHOT #5 to 1 clients (actions: 0)
[SERVER] Sent SNAPSHOT #6 to 1 clients (actions: 0)
[SERVER] Sent SNAPSHOT #7 to 1 clients (actions: 0)
[SERVER] Sent SNAPSHOT #8 to 1 clients (actions: 0)
[SERVER] Sent SNAPSHOT #9 to 1 clients (actions: 0)
[SERVER] Sent SNAPSHOT #10 to 1 clients (actions: 0)
[SERVER] Sent SNAPSHOT #11 to 1 clients (actions: 0)
[SERVER] Sent SNAPSHOT #12 to 1 clients (actions: 0)
[SERVER] Sent SNAPSHOT #13 to 1 clients (actions: 0)
[SERVER] Sent SNAPSHOT #14 to 1 clients (actions: 0)
[SERVER] Sent SNAPSHOT #15 to 1 clients (actions: 0)
[SERVER] Sent SNAPSHOT #16 to 1 clients (actions: 0)
[SERVER] Sent SNAPSHOT #17 to 1 clients (actions: 0)
[SERVER] Sent SNAPSHOT #18 to 1 clients (actions: 0)
[SERVER] Sent SNAPSHOT #19 to 1 clients (actions: 0)
[SERVER] Sent SNAPSHOT #20 to 1 clients (actions: 0)
[SERVER] Sent SNAPSHOT #21 to 1 clients (actions: 0)
[SERVER] Sent SNAPSHOT #22 to 1 clients (actions: 0)
[SERVER] Sent SNAPSHOT #23 to 1 clients (actions: 0)
[SERVER] Sent SNAPSHOT #24 to 1 clients (actions: 0)
[SERVER] Sent SNAPSHOT #25 to 1 clients (actions: 0)
[SERVER] Sent SNAPSHOT #26 to 1 clients (actions: 0)
[SERVER] Sent SNAPSHOT #27 to 1 clients (actions: 0)
[SERVER] Sent SNAPSHOT #28 to 1 clients (actions: 0)
[SERVER] Sent SNAPSHOT #29 to 1 clients (actions: 0)
[SERVER] Sent SNAPSHOT #30 to 1 clients (actions: 0)
[SERVER] Sent SNAPSHOT #31 to 1 clients (actions: 0)
[SERVER] Sent SNAPSHOT #32 to 1 clients (actions: 0)
[SERVER] Sent SNAPSHOT #33 to 1 clients (actions: 0)
[SERVER] Sent SNAPSHOT #34 to 1 clients (actions: 0)
[SERVER] Sent SNAPSHOT #35 to 1 clients (actions: 0)
[SERVER] Sent SNAPSHOT #36 to 1 clients (actions: 0)
[SERVER] Sent SNAPSHOT #37 to 1 clients (actions: 0)
[SERVER] Sent SNAPSHOT #38 to 1 clients (actions: 0)
[SERVER] Sent SNAPSHOT #39 to 1 clients (actions: 0)
[SERVER] Sent SNAPSHOT #40 to 1 clients (actions: 0)
[SERVER] Sent SNAPSHOT #41 to 1 clients (actions: 0)
[SERVER] Sent SNAPSHOT #42 to 1 clients (actions: 0)
[SERVER] Sent SNAPSHOT #43 to 1 clients (actions: 0)
[SERVER] Sent SNAPSHOT #44 to 1 clients (actions: 0)
[SERVER] Sent SNAPSHOT #45 to 1 clients (actions: 0)
[SERVER] Sent SNAPSHOT #46 to 1 clients (actions: 0)
[SERVER] Sent SNAPSHOT #47 to 1 clients (actions: 0)
[SERVER] Sent SNAPSHOT #48 to 1 clients (actions: 0)
[SERVER] Sent SNAPSHOT #49 to 1 clients (actions: 0)
[SERVER] Sent SNAPSHOT #50 to 1 clients (actions: 0)
[SERVER] Sent SNAPSHOT #51 to 1 clients (actions: 0)
[SERVER] Sent SNAPSHOT #52 to 1 clients (actions: 0)
[SERVER] Sent SNAPSHOT #53 to 1 clients (actions: 0)
[SERVER] Sent SNAPSHOT #54 to 1 clients (actions: 0)
[SERVER] Sent SNAPSHOT #55 to 1 clients (actions: 0)
[SERVER] Sent SNAPSHOT #56 to 1 clients (actions: 0)
[SERVER] Sent SNAPSHOT #57 to 1 clients (actions: 0)
[SERVER] Sent SNAPSHOT #58 to 1 clients (actions: 0)
[SERVER] Sent SNAPSHOT #59 to 1 clients (actions: 0)
[SERVER] Sent SNAPSHOT #60 to 1 clients (actions: 0)
[SERVER] Sent SNAPSHOT #61 to 1 clients (actions: 0)
[SERVER] Sent SNAPSHOT #62 to 1 clients (actions: 0)
[SERVER] Sent SNAPSHOT #63 to 1 clients (actions: 0)
[SERVER] Sent SNAPSHOT #64 to 1 clients (actions: 0)
[SERVER] Sent SNAPSHOT #65 to 1 clients (actions: 0)
[SERVER] Sent SNAPSHOT #66 to 1 clients (actions: 0)
[SERVER] Sent SNAPSHOT #67 to 1 clients (actions: 0)
[SERVER] Sent SNAPSHOT #68 to 1 clients (actions: 0)
[SERVER] Sent SNAPSHOT #69 to 1 clients (actions: 0)
[SERVER] Sent SNAPSHOT #70 to 1 clients (actions: 0)
[SERVER] Sent SNAPSHOT #71 to 1 clients (actions: 0)
[SERVER] Sent SNAPSHOT #72 to 1 clients (actions: 0)
[SERVER] Sent SNAPSHOT #73 to 1 clients (actions: 0)
[SERVER] Sent SNAPSHOT #74 to 1 clients (actions: 0)
[SERVER] Sent SNAPSHOT #75 to 1 clients (actions: 0)
[SERVER] Sent SNAPSHOT #76 to 1 clients (actions: 0)
[SERVER] Sent SNAPSHOT #77 to 1 clients (actions: 0)
[SERVER] Sent SNAPSHOT #78 to 1 clients (actions: 0)
[SERVER] Sent SNAPSHOT #79 to 1 clients (actions: 0)
[SERVER] Sent SNAPSHOT #80 to 1 clients (actions: 0)
[SERVER] Sent SNAPSHOT #81 to 1 clients (actions: 0)
[SERVER] Sent SNAPSHOT #82 to 1 clients (actions: 0)
[SERVER] Sent SNAPSHOT #83 to 1 clients (actions: 0)
[SERVER] Sent SNAPSHOT #84 to 1 clients (actions: 0)
[SERVER] Sent SNAPSHOT #85 to 1 clients (actions: 0)
[SERVER] Sent SNAPSHOT #86 to 1 clients (actions: 0)
[SERVER] Sent SNAPSHOT #87 to 1 clients (actions: 0)
[SERVER] Sent SNAPSHOT #88 to 1 clients (actions: 0)
[SERVER] Sent SNAPSHOT #89 to 1 clients (actions: 0)
[SERVER] Sent SNAPSHOT #90 to 1 clients (actions: 0)
[SERVER] Sent SNAPSHOT #91 to 1 clients (actions: 0)
[SERVER] Sent SNAPSHOT #92 to 1 clients (actions: 0)
[SERVER] Sent SNAPSHOT #93 to 1 clients (actions: 0)
[SERVER] Sent SNAPSHOT #94 to 1 clients (actions: 0)
[SERVER] Sent SNAPSHOT #95 to 1 clients (actions: 0)
[SERVER] Sent SNAPSHOT #96 to 1 clients (actions: 0)
[SERVER] Sent SNAPSHOT #97 to 1 clients (actions: 0)
[SERVER] Sent SNAPSHOT #98 to 1 clients (actions: 0)
[SERVER] Sent SNAPSHOT #99 to 1 clients (actions: 0)
[SERVER] Sent SNAPSHOT #100 to 1 clients (actions: 0)
[SERVER] Sent SNAPSHOT #101 to 1 clients (actions: 0)
[SERVER] Sent SNAPSHOT #102 to 1 clients (actions: 0)
[SERVER] Sent SNAPSHOT #103 to 1 clients (actions: 0)
[SERVER] Sent SNAPSHOT #104 to 1 clients (actions: 0)
[SERVER] Sent SNAPSHOT #105 to 1 clients (actions: 0)
[SERVER] Sent SNAPSHOT #106 to 1 clients (actions: 0)
[SERVER] Sent SNAPSHOT #107 to 1 clients (actions: 0)
[SERVER] Sent SNAPSHOT #108 to 1 clients (actions: 0)
[SERVER] Sent SNAPSHOT #109 to 1 clients (actions: 0)
[SERVER] Sent SNAPSHOT #110 to 1 clients (actions: 0)
[SERVER] Sent SNAPSHOT #111 to 1 clients (actions: 0)
[SERVER] Sent SNAPSHOT #112 to 1 clients (actions: 0)
[SERVER] Sent SNAPSHOT #113 to 1 clients (actions: 0)
[SERVER] Sent SNAPSHOT #114 to 1 clients (actions: 0)
[SERVER] Sent SNAPSHOT #115 to 1 clients (actions: 0)
[SERVER] Sent SNAPSHOT #116 to 1 clients (actions: 0)
[SERVER] Sent SNAPSHOT #117 to 1 clients (actions: 0)
[SERVER] Sent SNAPSHOT #118 to 1 clients (actions: 0)
[SERVER] Sent SNAPSHOT #119 to 1 clients (actions: 0)
[SERVER] Sent SNAPSHOT #120 to 1 clients (actions: 0)
[SERVER] Sent SNAPSHOT #121 to 1 clients (actions: 0)
[SERVER] Sent SNAPSHOT #122 to 1 clients (actions: 0)
[SERVER] Sent SNAPSHOT #123 to 1 clients (actions: 0)
[SERVER] Sent SNAPSHOT #124 to 1 clients (actions: 0)
[SERVER] Sent SNAPSHOT #125 to 1 clients (actions: 0)
[SERVER] Sent SNAPSHOT #126 to 1 clients (actions: 0)
[SERVER] Sent SNAPSHOT #127 to 1 clients (actions: 0)
[SERVER] Sent SNAPSHOT #128 to 1 clients (actions: 0)
[SERVER] Sent SNAPSHOT #129 to 1 clients (actions: 0)
[SERVER] Sent SNAPSHOT #130 to 1 clients (actions: 0)
[SERVER] Sent SNAPSHOT #131 to 1 clients (actions: 0)
[SERVER] Sent SNAPSHOT #132 to 1 clients (actions: 0)
[SERVER] Sent SNAPSHOT #133 to 1 clients (actions: 0)
[SERVER] Sent SNAPSHOT #134 to 1 clients (actions: 0)
[SERVER] Sent SNAPSHOT #135 to 1 clients (actions: 0)
[SERVER] Sent SNAPSHOT #136 to 1 clients (actions: 0)
[SERVER] Sent SNAPSHOT #137 to 1 clients (actions: 0)
[SERVER] Sent SNAPSHOT #138 to 1 clients (actions: 0)
[SERVER] Sent SNAPSHOT #139 to 1 clients (actions: 0)
[SERVER] Sent SNAPSHOT #140 to 1 clients (actions: 0)
[SERVER] Sent SNAPSHOT #141 to 1 clients (actions: 0)
[SERVER] Sent SNAPSHOT #142 to 1 clients (actions: 0)
[SERVER] Sent SNAPSHOT #143 to 1 clients (actions: 0)
[SERVER] Sent SNAPSHOT #144 to 1 clients (actions: 0)
[SERVER] Sent SNAPSHOT #145 to 1 clients (actions: 0)
[SERVER] Sent SNAPSHOT #146 to 1 clients (actions: 0)
[SERVER] Sent SNAPSHOT #147 to 1 clients (actions: 0)
[SERVER] Sent SNAPSHOT #148 to 1 clients (actions: 0)
[SERVER] Sent SNAPSHOT #149 to 1 clients (actions: 0)
[SERVER] Sent SNAPSHOT #150 to 1 clients (actions: 0)
[SERVER] Sent SNAPSHOT #151 to 1 clients (actions: 0)
[SERVER] Sent SNAPSHOT #152 to 1 clients (actions: 0)
[SERVER] Sent SNAPSHOT #153 to 1 clients (actions: 0)
[SERVER] Sent SNAPSHOT #154 to 1 clients (actions: 0)
[SERVER] Sent SNAPSHOT #155 to 1 clients (actions: 0)
[SERVER] Sent SNAPSHOT #156 to 1 clients (actions: 0)
[SERVER] Sent SNAPSHOT #157 to 1 clients (actions: 0)
[SERVER] Sent SNAPSHOT #158 to 1 clients (actions: 0)
[SERVER] Sent SNAPSHOT #159 to 1 clients (actions: 0)
[SERVER] Sent SNAPSHOT #160 to 1 clients (actions: 0)
[SERVER] Sent SNAPSHOT #161 to 1 clients (actions: 0)
[SERVER] Sent SNAPSHOT #162 to 1 clients (actions: 0)
[SERVER] Sent SNAPSHOT #163 to 1 clients (actions: 0)
[SERVER] Sent SNAPSHOT #164 to 1 clients (actions: 0)
[SERVER] Sent SNAPSHOT #165 to 1 clients (actions: 0)
[SERVER] Sent SNAPSHOT #166 to 1 clients (actions: 0)
[SERVER] Sent SNAPSHOT #167 to 1 clients (actions: 0)
[SERVER] Sent SNAPSHOT #168 to 1 clients (actions: 0)
[SERVER] Sent SNAPSHOT #169 to 1 clients (actions: 0)
[SERVER] Sent SNAPSHOT #170 to 1 clients (actions: 0)
[SERVER] Sent SNAPSHOT #171 to 1 clients (actions: 0)
[SERVER] Sent SNAPSHOT #172 to 1 clients (actions: 0)
[SERVER] Sent SNAPSHOT #173 to 1 clients (actions: 0)
[SERVER] Sent SNAPSHOT #174 to 1 clients (actions: 0)
[SERVER] Sent SNAPSHOT #175 to 1 clients (actions: 0)
[SERVER] Sent SNAPSHOT #176 to 1 clients (actions: 0)
[SERVER] Sent SNAPSHOT #177 to 1 clients (actions: 0)
[SERVER] Sent SNAPSHOT #178 to 1 clients (actions: 0)
[SERVER] Sent SNAPSHOT #179 to 1 clients (actions: 0)
[SERVER] Sent SNAPSHOT #180 to 1 clients (actions: 0)
[SERVER] Sent SNAPSHOT #181 to 1 clients (actions: 0)
[SERVER] Sent SNAPSHOT #182 to 1 clients (actions: 0)
[SERVER] Sent SNAPSHOT #183 to 1 clients (actions: 0)
[SERVER] Sent SNAPSHOT #184 to 1 clients (actions: 0)
[SERVER] Sent SNAPSHOT #185 to 1 clients (actions: 0)
[SERVER] Sent SNAPSHOT #186 to 1 clients (actions: 0)
[SERVER] Sent SNAPSHOT #187 to 1 clients (actions: 0)
[SERVER] Sent SNAPSHOT #188 to 1 clients (actions: 0)
[SERVER] Sent SNAPSHOT #189 to 1 clients (actions: 0)
[SERVER] Sent SNAPSHOT #190 to 1 clients (actions: 0)
[SERVER] Sent SNAPSHOT #191 to 1 clients (actions: 0)
[SERVER] Sent SNAPSHOT #192 to 1 clients (actions: 0)
[SERVER] Sent SNAPSHOT #193 to 1 clients (actions: 0)
[SERVER] Sent SNAPSHOT #194 to 1 clients (actions: 0)
[SERVER] Sent SNAPSHOT #195 to 1 clients (actions: 0)
[SERVER] Sent SNAPSHOT #196 to 1 clients (actions: 0)
[SERVER] Sent SNAPSHOT #197 to 1 clients (actions: 0)
[SERVER] Sent SNAPSHOT #198 to 1 clients (actions: 0)
[SERVER] Sent SNAPSHOT #199 to 1 clients (actions: 0)
[SERVER] Sent SNAPSHOT #200 to 1 clients (actions: 0)
[SERVER] Sent SNAPSHOT #201 to 1 clients (actions: 0)
[SERVER] Sent SNAPSHOT #202 to 1 clients (actions: 0)
[SERVER] Sent SNAPSHOT #203 to 1 clients (actions: 0)
[SERVER] Sent SNAPSHOT #204 to 1 clients (actions: 0)
[SERVER] Sent SNAPSHOT #205 to 1 clients (actions: 0)
[SERVER] Sent SNAPSHOT #206 to 1 clients (actions: 0)
[SERVER] Sent SNAPSHOT #207 to 1 clients (actions: 0)
[SERVER] Sent SNAPSHOT #208 to 1 clients (actions: 0)
[SERVER] Sent SNAPSHOT #209 to 1 clients (actions: 0)
[SERVER] Sent SNAPSHOT #210 to 1 clients (actions: 0)
[SERVER] Sent SNAPSHOT #211 to 1 clients (actions: 0)
[SERVER] Sent SNAPSHOT #212 to 1 clients (actions: 0)
[SERVER] Sent SNAPSHOT #213 to 1 clients (actions: 0)
[SERVER] Sent SNAPSHOT #214 to 1 clients (actions: 0)
[SERVER] Sent SNAPSHOT #215 to 1 clients (actions: 0)
[SERVER] Sent SNAPSHOT #216 to 1 clients (actions: 0)
[SERVER] Sent SNAPSHOT #217 to 1 clients (actions: 0)
[SERVER] Sent SNAPSHOT #218 to 1 clients (actions: 0)
[SERVER] Sent SNAPSHOT #219 to 1 clients (actions: 0)
[SERVER] Sent SNAPSHOT #220 to 1 clients (actions: 0)
[SERVER] Sent SNAPSHOT #221 to 1 clients (actions: 0)
[SERVER] Sent SNAPSHOT #222 to 1 clients (actions: 0)
[SERVER] Sent SNAPSHOT #223 to 1 clients (actions: 0)
[SERVER] Sent SNAPSHOT #224 to 1 clients (actions: 0)
[SERVER] Sent SNAPSHOT #225 to 1 clients (actions: 0)
[SERVER] Sent SNAPSHOT #226 to 1 clients (actions: 0)
[SERVER] Sent SNAPSHOT #227 to 1 clients (actions: 0)
[SERVER] Sent SNAPSHOT #228 to 1 clients (actions: 0)
[SERVER] Sent SNAPSHOT #229 to 1 clients (actions: 0)
[SERVER] Sent SNAPSHOT #230 to 1 clients (actions: 0)
[SERVER] Sent SNAPSHOT #231 to 1 clients (actions: 0)
[SERVER] Sent SNAPSHOT #232 to 1 clients (actions: 0)
[SERVER] Sent SNAPSHOT #233 to 1 clients (actions: 0)
[SERVER] Sent SNAPSHOT #234 to 1 clients (actions: 0)
[SERVER] Sent SNAPSHOT #235 to 1 clients (actions: 0)
[SERVER] Sent SNAPSHOT #236 to 1 clients (actions: 0)
[SERVER] Sent SNAPSHOT #237 to 1 clients (actions: 0)
[SERVER] Sent SNAPSHOT #238 to 1 clients (actions: 0)
[SERVER] Sent SNAPSHOT #239 to 1 clients (actions: 0)
[SERVER] Sent SNAPSHOT #240 to 1 clients (actions: 0)
[SERVER] Sent SNAPSHOT #241 to 1 clients (actions: 0)
[SERVER] Sent SNAPSHOT #242 to 1 clients (actions: 0)
[SERVER] Sent SNAPSHOT #243 to 1 clients (actions: 0)
[SERVER] Sent SNAPSHOT #244 to 1 clients (actions: 0)
[SERVER] Sent SNAPSHOT #245 to 1 clients (actions: 0)
[SERVER] Sent SNAPSHOT #246 to 1 clients (actions: 0)
[SERVER] Sent SNAPSHOT #247 to 1 clients (actions: 0)
[SERVER] Sent SNAPSHOT #248 to 1 clients (actions: 0)
[SERVER] Sent SNAPSHOT #249 to 1 clients (actions: 0)
[SERVER] Sent SNAPSHOT #250 to 1 clients (actions: 0)
[SERVER] Sent SNAPSHOT #251 to 1 clients (actions: 0)
[SERVER] Sent SNAPSHOT #252 to 1 clients (actions: 0)
[SERVER] Sent SNAPSHOT #253 to 1 clients (actions: 0)
[SERVER] Sent SNAPSHOT #254 to 1 clients (actions: 0)
[SERVER] Sent SNAPSHOT #255 to 1 clients (actions: 0)
[SERVER] Sent SNAPSHOT #256 to 1 clients (actions: 0)
[SERVER] Sent SNAPSHOT #257 to 1 clients (actions: 0)
[SERVER] Sent SNAPSHOT #258 to 1 clients (actions: 0)
[SERVER] Sent SNAPSHOT #259 to 1 clients (actions: 0)
[SERVER] Sent SNAPSHOT #260 to 1 clients (actions: 0)
[SERVER] Sent SNAPSHOT #261 to 1 clients (actions: 0)
[SERVER] Sent SNAPSHOT #262 to 1 clients (actions: 0)
[SERVER] Sent SNAPSHOT #263 to 1 clients (actions: 0)
[SERVER] Sent SNAPSHOT #264 to 1 clients (actions: 0)
[SERVER] Sent SNAPSHOT #265 to 1 clients (actions: 0)
[SERVER] Sent SNAPSHOT #266 to 1 clients (actions: 0)
[SERVER] Sent SNAPSHOT #267 to 1 clients (actions: 0)
[SERVER] Sent SNAPSHOT #268 to 1 clients (actions: 0)
[SERVER] Sent SNAPSHOT #269 to 1 clients (actions: 0)
[SERVER] Sent SNAPSHOT #270 to 1 clients (actions: 0)
[SERVER] Sent SNAPSHOT #271 to 1 clients (actions: 0)
[SERVER] Sent SNAPSHOT #272 to 1 clients (actions: 0)
[SERVER] Sent SNAPSHOT #273 to 1 clients (actions: 0)
[SERVER] Sent SNAPSHOT #274 to 1 clients (actions: 0)
[SERVER] Sent SNAPSHOT #275 to 1 clients (actions: 0)
[SERVER] Sent SNAPSHOT #276 to 1 clients (actions: 0)
[SERVER] Sent SNAPSHOT #277 to 1 clients (actions: 0)
[SERVER] Sent SNAPSHOT #278 to 1 clients (actions: 0)
[SERVER] Sent SNAPSHOT #279 to 1 clients (actions: 0)
[SERVER] Sent SNAPSHOT #280 to 1 clients (actions: 0)
[SERVER] Sent SNAPSHOT #281 to 1 clients (actions: 0)
[SERVER] Sent SNAPSHOT #282 to 1 clients (actions: 0)
[SERVER] Sent SNAPSHOT #283 to 1 clients (actions: 0)
[SERVER] Sent SNAPSHOT #284 to 1 clients (actions: 0)
[SERVER] Sent SNAPSHOT #285 to 1 clients (actions: 0)
[SERVER] Sent SNAPSHOT #286 to 1 clients (actions: 0)
[SERVER] Sent SNAPSHOT #287 to 1 clients (actions: 0)
[SERVER] Sent SNAPSHOT #288 to 1 clients (actions: 0)
[SERVER] Sent SNAPSHOT #289 to 1 clients (actions: 0)
[SERVER] Sent SNAPSHOT #290 to 1 clients (actions: 0)
[SERVER] Sent SNAPSHOT #291 to 1 clients (actions: 0)
[SERVER] Sent SNAPSHOT #292 to 1 clients (actions: 0)
[SERVER] Sent SNAPSHOT #293 to 1 clients (actions: 0)
[SERVER] Sent SNAPSHOT #294 to 1 clients (actions: 0)
[SERVER] Sent SNAPSHOT #295 to 1 clients (actions: 0)
[SERVER] Sent SNAPSHOT #296 to 1 clients (actions: 0)
[SERVER] Sent SNAPSHOT #297 to 1 clients (actions: 0)
[SERVER] Sent SNAPSHOT #298 to 1 clients (actions: 0)
[SERVER] Sent SNAPSHOT #299 to 1 clients (actions: 0)
[SERVER] Sent SNAPSHOT #300 to 1 clients (actions: 0)
[SERVER] Sent SNAPSHOT #301 to 1 clients (actions: 0)
[SERVER] Sent SNAPSHOT #302 to 1 clients (actions: 0)
[SERVER] Sent SNAPSHOT #303 to 1 clients (actions: 0)
[SERVER] Sent SNAPSHOT #304 to 1 clients (actions: 0)
[SERVER] Sent SNAPSHOT #305 to 1 clients (actions: 0)
[SERVER] Sent SNAPSHOT #306 to 1 clients (actions: 0)
[SERVER] Sent SNAPSHOT #307 to 1 clients (actions: 0)
[SERVER] Sent SNAPSHOT #308 to 1 clients (actions: 0)
[SERVER] Sent SNAPSHOT #309 to 1 clients (actions: 0)
[SERVER] Sent SNAPSHOT #310 to 1 clients (actions: 0)
[SERVER] Sent SNAPSHOT #311 to 1 clients (actions: 0)
[SERVER] Sent SNAPSHOT #312 to 1 clients (actions: 0)
[SERVER] Sent SNAPSHOT #313 to 1 clients (actions: 0)
[SERVER] Sent SNAPSHOT #314 to 1 clients (actions: 0)
[SERVER] Sent SNAPSHOT #315 to 1 clients (actions: 0)
[SERVER] Sent SNAPSHOT #316 to 1 clients (actions: 0)
[SERVER] Sent SNAPSHOT #317 to 1 clients (actions: 0)
[SERVER] Sent SNAPSHOT #318 to 1 clients (actions: 0)
[SERVER] Sent SNAPSHOT #319 to 1 clients (actions: 0)
[SERVER] Sent SNAPSHOT #320 to 1 clients (actions: 0)
[SERVER] Sent SNAPSHOT #321 to 1 clients (actions: 0)
[SERVER] Sent SNAPSHOT #322 to 1 clients (actions: 0)
[SERVER] Sent SNAPSHOT #323 to 1 clients (actions: 0)
[SERVER] Sent SNAPSHOT #324 to 1 clients (actions: 0)
[SERVER] Sent SNAPSHOT #325 to 1 clients (actions: 0)
[SERVER] Sent SNAPSHOT #326 to 1 clients (actions: 0)
[SERVER] Sent SNAPSHOT #327 to 1 clients (actions: 0)
[SERVER] Sent SNAPSHOT #328 to 1 clients (actions: 0)
[SERVER] Sent SNAPSHOT #329 to 1 clients (actions: 0)
[SERVER] Sent SNAPSHOT #330 to 1 clients (actions: 0)
[SERVER] Sent SNAPSHOT #331 to 1 clients (actions: 0)
[SERVER] Sent SNAPSHOT #332 to 1 clients (actions: 0)
[SERVER] Sent SNAPSHOT #333 to 1 clients (actions: 0)
[SERVER] Sent SNAPSHOT #334 to 1 clients (actions: 0)
[SERVER] Sent SNAPSHOT #335 to 1 clients (actions: 0)
[SERVER] Sent SNAPSHOT #336 to 1 clients (actions: 0)
[SERVER] Sent SNAPSHOT #337 to 1 clients (actions: 0)
[SERVER] Sent SNAPSHOT #338 to 1 clients (actions: 0)
[SERVER] Sent SNAPSHOT #339 to 1 clients (actions: 0)
[SERVER] Sent SNAPSHOT #340 to 1 clients (actions: 0)
[SERVER] Sent SNAPSHOT #341 to 1 clients (actions: 0)
[SERVER] Sent SNAPSHOT #342 to 1 clients (actions: 0)
[SERVER] Sent SNAPSHOT #343 to 1 clients (actions: 0)
[SERVER] Sent SNAPSHOT #344 to 1 clients (actions: 0)
[SERVER] Sent SNAPSHOT #345 to 1 clients (actions: 0)
[SERVER] Sent SNAPSHOT #346 to 1 clients (actions: 0)
[SERVER] Sent SNAPSHOT #347 to 1 clients (actions: 0)
[SERVER] Sent SNAPSHOT #348 to 1 clients (actions: 0)
[SERVER] Sent SNAPSHOT #349 to 1 clients (actions: 0)
[SERVER] Sent SNAPSHOT #350 to 1 clients (actions: 0)
[SERVER] Sent SNAPSHOT #351 to 1 clients (actions: 0)
[SERVER] Sent SNAPSHOT #352 to 1 clients (actions: 0)
[SERVER] Sent SNAPSHOT #353 to 1 clients (actions: 0)
[SERVER] Sent SNAPSHOT #354 to 1 clients (actions: 0)
[SERVER] Sent SNAPSHOT #355 to 1 clients (actions: 0)
[SERVER] Sent SNAPSHOT #356 to 1 clients (actions: 0)
[SERVER] Sent SNAPSHOT #357 to 1 clients (actions: 0)
[SERVER] Sent SNAPSHOT #358 to 1 clients (actions: 0)
[SERVER] Sent SNAPSHOT #359 to 1 clients (actions: 0)
[SERVER] Sent SNAPSHOT #360 to 1 clients (actions: 0)
[SERVER] Sent SNAPSHOT #361 to 1 clients (actions: 0)
[SERVER] Sent SNAPSHOT #362 to 1 clients (actions: 0)
[SERVER] Sent SNAPSHOT #363 to 1 clients (actions: 0)
[SERVER] Sent SNAPSHOT #364 to 1 clients (actions: 0)
[SERVER] Sent SNAPSHOT #365 to 1 clients (actions: 0)
[SERVER] Sent SNAPSHOT #366 to 1 clients (actions: 0)
[SERVER] Sent SNAPSHOT #367 to 1 clients (actions: 0)
[SERVER] Sent SNAPSHOT #368 to 1 clients (actions: 0)
[SERVER] Sent SNAPSHOT #369 to 1 clients (actions: 0)
[SERVER] Sent SNAPSHOT #370 to 1 clients (actions: 0)
[SERVER] Sent SNAPSHOT #371 to 1 clients (actions: 0)
[SERVER] Sent SNAPSHOT #372 to 1 clients (actions: 0)
[SERVER] Sent SNAPSHOT #373 to 1 clients (actions: 0)
[SERVER] Sent SNAPSHOT #374 to 1 clients (actions: 0)
[SERVER] Sent SNAPSHOT #375 to 1 clients (actions: 0)
[SERVER] Sent SNAPSHOT #376 to 1 clients (actions: 0)
[SERVER] Sent SNAPSHOT #377 to 1 clients (actions: 0)
[SERVER] Sent SNAPSHOT #378 to 1 clients (actions: 0)
[SERVER] Sent SNAPSHOT #379 to 1 clients (actions: 0)
[SERVER] Sent SNAPSHOT #380 to 1 clients (actions: 0)
[SERVER] Sent SNAPSHOT #381 to 1 clients (actions: 0)
[SERVER] Sent SNAPSHOT #382 to 1 clients (actions: 0)
[SERVER] Sent SNAPSHOT #383 to 1 clients (actions: 0)
[SERVER] Sent SNAPSHOT #384 to 1 clients (actions: 0)
[SERVER] Sent SNAPSHOT #385 to 1 clients (actions: 0)
[SERVER] Sent SNAPSHOT #386 to 1 clients (actions: 0)
[SERVER] Sent SNAPSHOT #387 to 1 clients (actions: 0)
[SERVER] Sent SNAPSHOT #388 to 1 clients (actions: 0)
[SERVER] Sent SNAPSHOT #389 to 1 clients (actions: 0)
[SERVER] Sent SNAPSHOT #390 to 1 clients (actions: 0)
[SERVER] Sent SNAPSHOT #391 to 1 clients (actions: 0)
[SERVER] Sent SNAPSHOT #392 to 1 clients (actions: 0)
[SERVER] Sent SNAPSHOT #393 to 1 clients (actions: 0)
[SERVER] Sent SNAPSHOT #394 to 1 clients (actions: 0)
[SERVER] Sent SNAPSHOT #395 to 1 clients (actions: 0)
[SERVER] Sent SNAPSHOT #396 to 1 clients (actions: 0)
[SERVER] Sent SNAPSHOT #397 to 1 clients (actions: 0)
[SERVER] Sent SNAPSHOT #398 to 1 clients (actions: 0)
[SERVER] Sent SNAPSHOT #399 to 1 clients (actions: 0)
[SERVER] Sent SNAPSHOT #400 to 1 clients (actions: 0)
[SERVER] Sent SNAPSHOT #401 to 1 clients (actions: 0)
[SERVER] Sent SNAPSHOT #402 to 1 clients (actions: 0)
[SERVER] Sent SNAPSHOT #403 to 1 clients (actions: 0)
[SERVER] Sent SNAPSHOT #404 to 1 clients (actions: 0)
[SERVER] Sent SNAPSHOT #405 to 1 clients (actions: 0)
[SERVER] Sent SNAPSHOT #406 to 1 clients (actions: 0)
[SERVER] Sent SNAPSHOT #407 to 1 clients (actions: 0)
[SERVER] Sent SNAPSHOT #408 to 1 clients (actions: 0)
[SERVER] Sent SNAPSHOT #409 to 1 clients (actions: 0)
[SERVER] Sent SNAPSHOT #410 to 1 clients (actions: 0)
[SERVER] Sent SNAPSHOT #411 to 1 clients (actions: 0)
[SERVER] Sent SNAPSHOT #412 to 1 clients (actions: 0)
[SERVER] Sent SNAPSHOT #413 to 1 clients (actions: 0)
[SERVER] Sent SNAPSHOT #414 to 1 clients (actions: 0)
[SERVER] Sent SNAPSHOT #415 to 1 clients (actions: 0)
[SERVER] Sent SNAPSHOT #416 to 1 clients (actions: 0)
[SERVER] Sent SNAPSHOT #417 to 1 clients (actions: 0)
[SERVER] Sent SNAPSHOT #418 to 1 clients (actions: 0)
[SERVER] Sent SNAPSHOT #419 to 1 clients (actions: 0)
[SERVER] Sent SNAPSHOT #420 to 1 clients (actions: 0)
[SERVER] Sent SNAPSHOT #421 to 1 clients (actions: 0)
[SERVER] Sent SNAPSHOT #422 to 1 clients (actions: 0)
[SERVER] Sent SNAPSHOT #423 to 1 clients (actions: 0)
[SERVER] Sent SNAPSHOT #424 to 1 clients (actions: 0)
[SERVER] Sent SNAPSHOT #425 to 1 clients (actions: 0)
[SERVER] Sent SNAPSHOT #426 to 1 clients (actions: 0)
[SERVER] Sent SNAPSHOT #427 to 1 clients (actions: 0)
[SERVER] Sent SNAPSHOT #428 to 1 clients (actions: 0)
[SERVER] Sent SNAPSHOT #429 to 1 clients (actions: 0)
[SERVER] Sent SNAPSHOT #430 to 1 clients (actions: 0)
[SERVER] Sent SNAPSHOT #431 to 1 clients (actions: 0)
[SERVER] Sent SNAPSHOT #432 to 1 clients (actions: 0)
[SERVER] Sent SNAPSHOT #433 to 1 clients (actions: 0)
[SERVER] Sent SNAPSHOT #434 to 1 clients (actions: 0)
[SERVER] Sent SNAPSHOT #435 to 1 clients (actions: 0)
[SERVER] Sent SNAPSHOT #436 to 1 clients (actions: 0)
[SERVER] Sent SNAPSHOT #437 to 1 clients (actions: 0)
[SERVER] Sent SNAPSHOT #438 to 1 clients (actions: 0)
[SERVER] Sent SNAPSHOT #439 to 1 clients (actions: 0)
[SERVER] Sent SNAPSHOT #440 to 1 clients (actions: 0)
[SERVER] Sent SNAPSHOT #441 to 1 clients (actions: 0)
[SERVER] Sent SNAPSHOT #442 to 1 clients (actions: 0)
[SERVER] Sent SNAPSHOT #443 to 1 clients (actions: 0)
[SERVER] Sent SNAPSHOT #444 to 1 clients (actions: 0)
[SERVER] Sent SNAPSHOT #445 to 1 clients (actions: 0)
[SERVER] Sent SNAPSHOT #446 to 1 clients (actions: 0)
[SERVER] Sent SNAPSHOT #447 to 1 clients (actions: 0)
[SERVER] Sent SNAPSHOT #448 to 1 clients (actions: 0)
[SERVER] Sent SNAPSHOT #449 to 1 clients (actions: 0)
[SERVER] Sent SNAPSHOT #450 to 1 clients (actions: 0)
[SERVER] Sent SNAPSHOT #451 to 1 clients (actions: 0)
[SERVER] Sent SNAPSHOT #452 to 1 clients (actions: 0)
[SERVER] Sent SNAPSHOT #453 to 1 clients (actions: 0)
[SERVER] Sent SNAPSHOT #454 to 1 clients (actions: 0)
[SERVER] Sent SNAPSHOT #455 to 1 clients (actions: 0)
[SERVER] Sent SNAPSHOT #456 to 1 clients (actions: 0)
[SERVER] Sent SNAPSHOT #457 to 1 clients (actions: 0)
[SERVER] Sent SNAPSHOT #458 to 1 clients (actions: 0)
[SERVER] Sent SNAPSHOT #459 to 1 clients (actions: 0)
[SERVER] Sent SNAPSHOT #460 to 1 clients (actions: 0)
[SERVER] Sent SNAPSHOT #461 to 1 clients (actions: 0)
[SERVER] Sent SNAPSHOT #462 to 1 clients (actions: 0)
[SERVER] Sent SNAPSHOT #463 to 1 clients (actions: 0)
[SERVER] Sent SNAPSHOT #464 to 1 clients (actions: 0)
[SERVER] Sent SNAPSHOT #465 to 1 clients (actions: 0)
[SERVER] Sent SNAPSHOT #466 to 1 clients (actions: 0)
[SERVER] Sent SNAPSHOT #467 to 1 clients (actions: 0)
[SERVER] Sent SNAPSHOT #468 to 1 clients (actions: 0)
[SERVER] Sent SNAPSHOT #469 to 1 clients (actions: 0)
[SERVER] Sent SNAPSHOT #470 to 1 clients (actions: 0)
[SERVER] Sent SNAPSHOT #471 to 1 clients (actions: 0)
[SERVER] Sent SNAPSHOT #472 to 1 clients (actions: 0)
[SERVER] Sent SNAPSHOT #473 to 1 clients (actions: 0)
[SERVER] Sent SNAPSHOT #474 to 1 clients (actions: 0)
[SERVER] Sent SNAPSHOT #475 to 1 clients (actions: 0)
[SERVER] Sent SNAPSHOT #476 to 1 clients (actions: 0)
[SERVER] Sent SNAPSHOT #477 to 1 clients (actions: 0)
[SERVER] Sent SNAPSHOT #478 to 1 clients (actions: 0)
[SERVER] Sent SNAPSHOT #479 to 1 clients (actions: 0)
[SERVER] Sent SNAPSHOT #480 to 1 clients (actions: 0)
[SERVER] Sent SNAPSHOT #481 to 1 clients (actions: 0)
[SERVER] Sent SNAPSHOT #482 to 1 clients (actions: 0)
[SERVER] Sent SNAPSHOT #483 to 1 clients (actions: 0)
[SERVER] Sent SNAPSHOT #484 to 1 clients (actions: 0)
[SERVER] Sent SNAPSHOT #485 to 1 clients (actions: 0)
[SERVER] Sent SNAPSHOT #486 to 1 clients (actions: 0)
[SERVER] Sent SNAPSHOT #487 to 1 clients (actions: 0)
[SERVER] Sent SNAPSHOT #488 to 1 clients (actions: 0)
[SERVER] Sent SNAPSHOT #489 to 1 clients (actions: 0)
[SERVER] Sent SNAPSHOT #490 to 1 clients (actions: 0)
[SERVER] Sent SNAPSHOT #491 to 1 clients (actions: 0)
[SERVER] Sent SNAPSHOT #492 to 1 clients (actions: 0)
[SERVER] Sent SNAPSHOT #493 to 1 clients (actions: 0)
[SERVER] Sent SNAPSHOT #494 to 1 clients (actions: 0)
[SERVER] Sent SNAPSHOT #495 to 1 clients (actions: 0)
[SERVER] Sent SNAPSHOT #496 to 1 clients (actions: 0)
[SERVER] Sent SNAPSHOT #497 to 1 clients (actions: 0)
[SERVER] Sent SNAPSHOT #498 to 1 clients (actions: 0)
[SERVER] Sent SNAPSHOT #499 to 1 clients (actions: 0)
[SERVER] Sent SNAPSHOT #500 to 1 clients (actions: 0)
[SERVER] Sent SNAPSHOT #501 to 1 clients (actions: 0)
[SERVER] Sent SNAPSHOT #502 to 1 clients (actions: 0)
[SERVER] Sent SNAPSHOT #503 to 1 clients (actions: 0)
[SERVER] Sent SNAPSHOT #504 to 1 clients (actions: 0)
[SERVER] Sent SNAPSHOT #505 to 1 clients (actions: 0)
[SERVER] Sent SNAPSHOT #506 to 1 clients (actions: 0)
[SERVER] Sent SNAPSHOT #507 to 1 clients (actions: 0)
[SERVER] Sent SNAPSHOT #508 to 1 clients (actions: 0)
[SERVER] Sent SNAPSHOT #509 to 1 clients (actions: 0)
[SERVER] Sent SNAPSHOT #510 to 1 clients (actions: 0)
[SERVER] Sent SNAPSHOT #511 to 1 clients (actions: 0)
[SERVER] Sent SNAPSHOT #512 to 1 clients (actions: 0)
[SERVER] Sent SNAPSHOT #513 to 1 clients (actions: 0)
[SERVER] Sent SNAPSHOT #514 to 1 clients (actions: 0)
[SERVER] Sent SNAPSHOT #515 to 1 clients (actions: 0)
[SERVER] Sent SNAPSHOT #516 to 1 clients (actions: 0)
[SERVER] Sent SNAPSHOT #517 to 1 clients (actions: 0)
[SERVER] Sent SNAPSHOT #518 to 1 clients (actions: 0)
[SERVER] Sent SNAPSHOT #519 to 1 clients (actions: 0)
[SERVER] Sent SNAPSHOT #520 to 1 clients (actions: 0)
[SERVER] Sent SNAPSHOT #521 to 1 clients (actions: 0)
[SERVER] Sent SNAPSHOT #522 to 1 clients (actions: 0)
[SERVER] Sent SNAPSHOT #523 to 1 clients (actions: 0)
[SERVER] Sent SNAPSHOT #524 to 1 clients (actions: 0)
[SERVER] Sent SNAPSHOT #525 to 1 clients (actions: 0)
[SERVER] Sent SNAPSHOT #526 to 1 clients (actions: 0)
[SERVER] Sent SNAPSHOT #527 to 1 clients (actions: 0)
[SERVER] Sent SNAPSHOT #528 to 1 clients (actions: 0)
[SERVER] Sent SNAPSHOT #529 to 1 clients (actions: 0)
[SERVER] Sent SNAPSHOT #530 to 1 clients (actions: 0)
[SERVER] Sent SNAPSHOT #531 to 1 clients (actions: 0)
[SERVER] Sent SNAPSHOT #532 to 1 clients (actions: 0)
[SERVER] Sent SNAPSHOT #533 to 1 clients (actions: 0)
[SERVER] Sent SNAPSHOT #534 to 1 clients (actions: 0)
[SERVER] Sent SNAPSHOT #535 to 1 clients (actions: 0)
[SERVER] Sent SNAPSHOT #536 to 1 clients (actions: 0)
[SERVER] Sent SNAPSHOT #537 to 1 clients (actions: 0)
[SERVER] Sent SNAPSHOT #538 to 1 clients (actions: 0)
[SERVER] Sent SNAPSHOT #539 to 1 clients (actions: 0)
[SERVER] Sent SNAPSHOT #540 to 1 clients (actions: 0)
[SERVER] Sent SNAPSHOT #541 to 1 clients (actions: 0)
[SERVER] Sent SNAPSHOT #542 to 1 clients (actions: 0)
[SERVER] Sent SNAPSHOT #543 to 1 clients (actions: 0)
[SERVER] Sent SNAPSHOT #544 to 1 clients (actions: 0)
[SERVER] Sent SNAPSHOT #545 to 1 clients (actions: 0)
[SERVER] Sent SNAPSHOT #546 to 1 clients (actions: 0)
[SERVER] Sent SNAPSHOT #547 to 1 clients (actions: 0)
[SERVER] Sent SNAPSHOT #548 to 1 clients (actions: 0)
[SERVER] Sent SNAPSHOT #549 to 1 clients (actions: 0)
[SERVER] Sent SNAPSHOT #550 to 1 clients (actions: 0)
[SERVER] Sent SNAPSHOT #551 to 1 clients (actions: 0)
[SERVER] Sent SNAPSHOT #552 to 1 clients (actions: 0)
[SERVER] Sent SNAPSHOT #553 to 1 clients (actions: 0)
[SERVER] Sent SNAPSHOT #554 to 1 clients (actions: 0)
[SERVER] Sent SNAPSHOT #555 to 1 clients (actions: 0)
[SERVER] Sent SNAPSHOT #556 to 1 clients (actions: 0)
[SERVER] Sent SNAPSHOT #557 to 1 clients (actions: 0)
[SERVER] Sent SNAPSHOT #558 to 1 clients (actions: 0)
[SERVER] Sent SNAPSHOT #559 to 1 clients (actions: 0)
[SERVER] Sent SNAPSHOT #560 to 1 clients (actions: 0)
[SERVER] Sent SNAPSHOT #561 to 1 clients (actions: 0)
[SERVER] Sent SNAPSHOT #562 to 1 clients (actions: 0)
[SERVER] Sent SNAPSHOT #563 to 1 clients (actions: 0)
[SERVER] Sent SNAPSHOT #564 to 1 clients (actions: 0)
[SERVER] Sent SNAPSHOT #565 to 1 clients (actions: 0)
[SERVER] Sent SNAPSHOT #566 to 1 clients (actions: 0)
[SERVER] Sent SNAPSHOT #567 to 1 clients (actions: 0)
[SERVER] Sent SNAPSHOT #568 to 1 clients (actions: 0)
[SERVER] Sent SNAPSHOT #569 to 1 clients (actions: 0)
[SERVER] Sent SNAPSHOT #570 to 1 clients (actions: 0)
[SERVER] Sent SNAPSHOT #571 to 1 clients (actions: 0)
[SERVER] Sent SNAPSHOT #572 to 1 clients (actions: 0)
[SERVER] Sent SNAPSHOT #573 to 1 clients (actions: 0)
[SERVER] Sent SNAPSHOT #574 to 1 clients (actions: 0)
[SERVER] Sent SNAPSHOT #575 to 1 clients (actions: 0)
[SERVER] Sent SNAPSHOT #576 to 1 clients (actions: 0)
[SERVER] Sent SNAPSHOT #577 to 1 clients (actions: 0)
[SERVER] Sent SNAPSHOT #578 to 1 clients (actions: 0)
[SERVER] Sent SNAPSHOT #579 to 1 clients (actions: 0)
[SERVER] Sent SNAPSHOT #580 to 1 clients (actions: 0)
[SERVER] Sent SNAPSHOT #581 to 1 clients (actions: 0)
[SERVER] Sent SNAPSHOT #582 to 1 clients (actions: 0)
[SERVER] Sent SNAPSHOT #583 to 1 clients (actions: 0)
[SERVER] Sent SNAPSHOT #584 to 1 clients (actions: 0)
[SERVER] Sent SNAPSHOT #585 to 1 clients (actions: 0)
[SERVER] Sent SNAPSHOT #586 to 1 clients (actions: 0)
[SERVER] Sent SNAPSHOT #587 to 1 clients (actions: 0)
[SERVER] Sent SNAPSHOT #588 to 1 clients (actions: 0)
[SERVER] Sent SNAPSHOT #589 to 1 clients (actions: 0)
[SERVER] Sent SNAPSHOT #590 to 1 clients (actions: 0)
[SERVER] Sent SNAPSHOT #591 to 1 clients (actions: 0)
[SERVER] Sent SNAPSHOT #592 to 1 clients (actions: 0)
[SERVER] Sent SNAPSHOT #593 to 1 clients (actions: 0)
[SERVER] Sent SNAPSHOT #594 to 1 clients (actions: 0)
[SERVER] Sent SNAPSHOT #595 to 1 clients (actions: 0)
[SERVER] Sent SNAPSHOT #596 to 1 clients (actions: 0)
[SERVER] Sent SNAPSHOT #597 to 1 clients (actions: 0)
[SERVER] Sent SNAPSHOT #598 to 1 clients (actions: 0)
[SERVER] Sent SNAPSHOT #599 to 1 clients (actions: 0)
[SERVER] Sent SNAPSHOT #600 to 1 clients (actions: 0)
[SERVER] Sent SNAPSHOT #601 to 1 clients (actions: 0)
[SERVER] Sent SNAPSHOT #602 to 1 clients (actions: 0)
[SERVER] Sent SNAPSHOT #603 to 1 clients (actions: 0)
[SERVER] Sent SNAPSHOT #604 to 1 clients (actions: 0)
[SERVER] Sent SNAPSHOT #605 to 1 clients (actions: 0)
[SERVER] Sent SNAPSHOT #606 to 1 clients (actions: 0)
[SERVER] Sent SNAPSHOT #607 to 1 clients (actions: 0)
[SERVER] Sent SNAPSHOT #608 to 1 clients (actions: 0)
[SERVER] Sent SNAPSHOT #609 to 1 clients (actions: 0)
[SERVER] Sent SNAPSHOT #610 to 1 clients (actions: 0)
[SERVER] Sent SNAPSHOT #611 to 1 clients (actions: 0)
[SERVER] Sent SNAPSHOT #612 to 1 clients (actions: 0)
[SERVER] Sent SNAPSHOT #613 to 1 clients (actions: 0)
[SERVER] Sent SNAPSHOT #614 to 1 clients (actions: 0)
[SERVER] Sent SNAPSHOT #615 to 1 clients (actions: 0)
[SERVER] Sent SNAPSHOT #616 to 1 clients (actions: 0)
[SERVER] Sent SNAPSHOT #617 to 1 clients (actions: 0)
[SERVER] Sent SNAPSHOT #618 to 1 clients (actions: 0)
[SERVER] Sent SNAPSHOT #619 to 1 clients (actions: 0)
[SERVER] Sent SNAPSHOT #620 to 1 clients (actions: 0)
[SERVER] Sent SNAPSHOT #621 to 1 clients (actions: 0)
[SERVER] Sent SNAPSHOT #622 to 1 clients (actions: 0)
[SERVER] Sent SNAPSHOT #623 to 1 clients (actions: 0)
[SERVER] Sent SNAPSHOT #624 to 1 clients (actions: 0)
[SERVER] Sent SNAPSHOT #625 to 1 clients (actions: 0)
[SERVER] Sent SNAPSHOT #626 to 1 clients (actions: 0)
[SERVER] Sent SNAPSHOT #627 to 1 clients (actions: 0)
[SERVER] Sent SNAPSHOT #628 to 1 clients (actions: 0)
[SERVER] Sent SNAPSHOT #629 to 1 clients (actions: 0)
[SERVER] Sent SNAPSHOT #630 to 1 clients (actions: 0)
[SERVER] Sent SNAPSHOT #631 to 1 clients (actions: 0)
[SERVER] Sent SNAPSHOT #632 to 1 clients (actions: 0)
[SERVER] Sent SNAPSHOT #633 to 1 clients (actions: 0)
[SERVER] Sent SNAPSHOT #634 to 1 clients (actions: 0)
[SERVER] Sent SNAPSHOT #635 to 1 clients (actions: 0)
[SERVER] Sent SNAPSHOT #636 to 1 clients (actions: 0)
[SERVER] Sent SNAPSHOT #637 to 1 clients (actions: 0)
[SERVER] Sent SNAPSHOT #638 to 1 clients (actions: 0)
[SERVER] Sent SNAPSHOT #639 to 1 clients (actions: 0)
[SERVER] Sent SNAPSHOT #640 to 1 clients (actions: 0)
[SERVER] Sent SNAPSHOT #641 to 1 clients (actions: 0)
[SERVER] Sent SNAPSHOT #642 to 1 clients (actions: 0)
[SERVER] Sent SNAPSHOT #643 to 1 clients (actions: 0)
[SERVER] Sent SNAPSHOT #644 to 1 clients (actions: 0)
[SERVER] Sent SNAPSHOT #645 to 1 clients (actions: 0)
[SERVER] Sent SNAPSHOT #646 to 1 clients (actions: 0)
[SERVER] Sent SNAPSHOT #647 to 1 clients (actions: 0)
[SERVER] Sent SNAPSHOT #648 to 1 clients (actions: 0)
[SERVER] Sent SNAPSHOT #649 to 1 clients (actions: 0)
[SERVER] Sent SNAPSHOT #650 to 1 clients (actions: 0)
[SERVER] Sent SNAPSHOT #651 to 1 clients (actions: 0)
[SERVER] Sent SNAPSHOT #652 to 1 clients (actions: 0)
[SERVER] Sent SNAPSHOT #653 to 1 clients (actions: 0)
[SERVER] Sent SNAPSHOT #654 to 1 clients (actions: 0)
[SERVER] Sent SNAPSHOT #655 to 1 clients (actions: 0)
[SERVER] Sent SNAPSHOT #656 to 1 clients (actions: 0)
[SERVER] Sent SNAPSHOT #657 to 1 clients (actions: 0)
[SERVER] Sent SNAPSHOT #658 to 1 clients (actions: 0)
[SERVER] Sent SNAPSHOT #659 to 1 clients (actions: 0)
[SERVER] Sent SNAPSHOT #660 to 1 clients (actions: 0)
[SERVER] Sent SNAPSHOT #661 to 1 clients (actions: 0)
[SERVER] Sent SNAPSHOT #662 to 1 clients (actions: 0)
[SERVER] Sent SNAPSHOT #663 to 1 clients (actions: 0)
[SERVER] Sent SNAPSHOT #664 to 1 clients (actions: 0)
[SERVER] Sent SNAPSHOT #665 to 1 clients (actions: 0)
[SERVER] Sent SNAPSHOT #666 to 1 clients (actions: 0)
[SERVER] Sent SNAPSHOT #667 to 1 clients (actions: 0)
[SERVER] Sent SNAPSHOT #668 to 1 clients (actions: 0)
[SERVER] Sent SNAPSHOT #669 to 1 clients (actions: 0)
[SERVER] Sent SNAPSHOT #670 to 1 clients (actions: 0)
[SERVER] Sent SNAPSHOT #671 to 1 clients (actions: 0)
[SERVER] Sent SNAPSHOT #672 to 1 clients (actions: 0)
[SERVER] Sent SNAPSHOT #673 to 1 clients (actions: 0)
[SERVER] Sent SNAPSHOT #674 to 1 clients (actions: 0)
[SERVER] Sent SNAPSHOT #675 to 1 clients (actions: 0)
[SERVER] Sent SNAPSHOT #676 to 1 clients (actions: 0)
[SERVER] Sent SNAPSHOT #677 to 1 clients (actions: 0)
[SERVER] Sent SNAPSHOT #678 to 1 clients (actions: 0)
[SERVER] Sent SNAPSHOT #679 to 1 clients (actions: 0)
[SERVER] Sent SNAPSHOT #680 to 1 clients (actions: 0)
[SERVER] Sent SNAPSHOT #681 to 1 clients (actions: 0)
[SERVER] Sent SNAPSHOT #682 to 1 clients (actions: 0)
[SERVER] Sent SNAPSHOT #683 to 1 clients (actions: 0)
[SERVER] Sent SNAPSHOT #684 to 1 clients (actions: 0)
[SERVER] Sent SNAPSHOT #685 to 1 clients (actions: 0)
[SERVER] Sent SNAPSHOT #686 to 1 clients (actions: 0)
[SERVER] Sent SNAPSHOT #687 to 1 clients (actions: 0)
[SERVER] Sent SNAPSHOT #688 to 1 clients (actions: 0)
[SERVER] Sent SNAPSHOT #689 to 1 clients (actions: 0)
[SERVER] Sent SNAPSHOT #690 to 1 clients (actions: 0)
[SERVER] Sent SNAPSHOT #691 to 1 clients (actions: 0)
[SERVER] Sent SNAPSHOT #692 to 1 clients (actions: 0)
[SERVER] Sent SNAPSHOT #693 to 1 clients (actions: 0)
[SERVER] Sent SNAPSHOT #694 to 1 clients (actions: 0)
[SERVER] Sent SNAPSHOT #695 to 1 clients (actions: 0)
[SERVER] Sent SNAPSHOT #696 to 1 clients (actions: 0)
[SERVER] Sent SNAPSHOT #697 to 1 clients (actions: 0)
[SERVER] Sent SNAPSHOT #698 to 1 clients (actions: 0)
[SERVER] Sent SNAPSHOT #699 to 1 clients (actions: 0)
[SERVER] Sent SNAPSHOT #700 to 1 clients (actions: 0)
[SERVER] Sent SNAPSHOT #701 to 1 clients (actions: 0)
[SERVER] Sent SNAPSHOT #702 to 1 clients (actions: 0)
[SERVER] Sent SNAPSHOT #703 to 1 clients (actions: 0)
[SERVER] Sent SNAPSHOT #704 to 1 clients (actions: 0)
[SERVER] Sent SNAPSHOT #705 to 1 clients (actions: 0)
[SERVER] Sent SNAPSHOT #706 to 1 clients (actions: 0)
[SERVER] Sent SNAPSHOT #707 to 1 clients (actions: 0)
[SERVER] Sent SNAPSHOT #708 to 1 clients (actions: 0)
[SERVER] Sent SNAPSHOT #709 to 1 clients (actions: 0)
[SERVER] Sent SNAPSHOT #710 to 1 clients (actions: 0)
[SERVER] Sent SNAPSHOT #711 to 1 clients (actions: 0)
[SERVER] Sent SNAPSHOT #712 to 1 clients (actions: 0)
[SERVER] Sent SNAPSHOT #713 to 1 clients (actions: 0)
[SERVER] Sent SNAPSHOT #714 to 1 clients (actions: 0)
[SERVER] Sent SNAPSHOT #715 to 1 clients (actions: 0)
[SERVER] Sent SNAPSHOT #716 to 1 clients (actions: 0)
[SERVER] Sent SNAPSHOT #717 to 1 clients (actions: 0)
[SERVER] Sent SNAPSHOT #718 to 1 clients (actions: 0)
[SERVER] Sent SNAPSHOT #719 to 1 clients (actions: 0)
[SERVER] Sent SNAPSHOT #720 to 1 clients (actions: 0)
[SERVER] Sent SNAPSHOT #721 to 1 clients (actions: 0)
[SERVER] Sent SNAPSHOT #722 to 1 clients (actions: 0)
[SERVER] Sent SNAPSHOT #723 to 1 clients (actions: 0)
[SERVER] Sent SNAPSHOT #724 to 1 clients (actions: 0)
[SERVER] Sent SNAPSHOT #725 to 1 clients (actions: 0)
[SERVER] Sent SNAPSHOT #726 to 1 clients (actions: 0)
[SERVER] Sent SNAPSHOT #727 to 1 clients (actions: 0)
[SERVER] Sent SNAPSHOT #728 to 1 clients (actions: 0)
[SERVER] Sent SNAPSHOT #729 to 1 clients (actions: 0)
[SERVER] Sent SNAPSHOT #730 to 1 clients (actions: 0)
[SERVER] Sent SNAPSHOT #731 to 1 clients (actions: 0)
[SERVER] Sent SNAPSHOT #732 to 1 clients (actions: 0)
[SERVER] Sent SNAPSHOT #733 to 1 clients (actions: 0)
[SERVER] Sent SNAPSHOT #734 to 1 clients (actions: 0)
[SERVER] Sent SNAPSHOT #735 to 1 clients (actions: 0)
[SERVER] Sent SNAPSHOT #736 to 1 clients (actions: 0)
[SERVER] Sent SNAPSHOT #737 to 1 clients (actions: 0)
[SERVER] Sent SNAPSHOT #738 to 1 clients (actions: 0)
[SERVER] Sent SNAPSHOT #739 to 1 clients (actions: 0)
[SERVER] Sent SNAPSHOT #740 to 1 clients (actions: 0)
[SERVER] Sent SNAPSHOT #741 to 1 clients (actions: 0)
[SERVER] Sent SNAPSHOT #742 to 1 clients (actions: 0)
[SERVER] Sent SNAPSHOT #743 to 1 clients (actions: 0)
[SERVER] Sent SNAPSHOT #744 to 1 clients (actions: 0)
[SERVER] Sent SNAPSHOT #745 to 1 clients (actions: 0)
[SERVER] Sent SNAPSHOT #746 to 1 clients (actions: 0)
[SERVER] Sent SNAPSHOT #747 to 1 clients (actions: 0)
[SERVER] Sent SNAPSHOT #748 to 1 clients (actions: 0)
[SERVER] Sent SNAPSHOT #749 to 1 clients (actions: 0)
[SERVER] Sent SNAPSHOT #750 to 1 clients (actions: 0)
[SERVER] Sent SNAPSHOT #751 to 1 clients (actions: 0)
[SERVER] Sent SNAPSHOT #752 to 1 clients (actions: 0)
[SERVER] Sent SNAPSHOT #753 to 1 clients (actions: 0)
[SERVER] Sent SNAPSHOT #754 to 1 clients (actions: 0)
[SERVER] Sent SNAPSHOT #755 to 1 clients (actions: 0)
[SERVER] Sent SNAPSHOT #756 to 1 clients (actions: 0)
[SERVER] Sent SNAPSHOT #757 to 1 clients (actions: 0)
[SERVER] Sent SNAPSHOT #758 to 1 clients (actions: 0)
[SERVER] Sent SNAPSHOT #759 to 1 clients (actions: 0)
[SERVER] Sent SNAPSHOT #760 to 1 clients (actions: 0)
[SERVER] Sent SNAPSHOT #761 to 1 clients (actions: 0)
[SERVER] Sent SNAPSHOT #762 to 1 clients (actions: 0)
[SERVER] Sent SNAPSHOT #763 to 1 clients (actions: 0)
[SERVER] Sent SNAPSHOT #764 to 1 clients (actions: 0)
[SERVER] Sent SNAPSHOT #765 to 1 clients (actions: 0)
[SERVER] Sent SNAPSHOT #766 to 1 clients (actions: 0)
[SERVER] Sent SNAPSHOT #767 to 1 clients (actions: 0)
[SERVER] Sent SNAPSHOT #768 to 1 clients (actions: 0)
[SERVER] Sent SNAPSHOT #769 to 1 clients (actions: 0)
[SERVER] Sent SNAPSHOT #770 to 1 clients (actions: 0)
[SERVER] Sent SNAPSHOT #771 to 1 clients (actions: 0)
[SERVER] Sent SNAPSHOT #772 to 1 clients (actions: 0)
[SERVER] Sent SNAPSHOT #773 to 1 clients (actions: 0)
[SERVER] Sent SNAPSHOT #774 to 1 clients (actions: 0)
[SERVER] Sent SNAPSHOT #775 to 1 clients (actions: 0)
[SERVER] Sent SNAPSHOT #776 to 1 clients (actions: 0)
[SERVER] Sent SNAPSHOT #777 to 1 clients (actions: 0)
[SERVER] Sent SNAPSHOT #778 to 1 clients (actions: 0)
[SERVER] Sent SNAPSHOT #779 to 1 clients (actions: 0)
[SERVER] Sent SNAPSHOT #780 to 1 clients (actions: 0)
[SERVER] Sent SNAPSHOT #781 to 1 clients (actions: 0)
[SERVER] Sent SNAPSHOT #782 to 1 clients (actions: 0)
[SERVER] Sent SNAPSHOT #783 to 1 clients (actions: 0)
[SERVER] Sent SNAPSHOT #784 to 1 clients (actions: 0)
[SERVER] Sent SNAPSHOT #785 to 1 clients (actions: 0)
[SERVER] Sent SNAPSHOT #786 to 1 clients (actions: 0)
[SERVER] Sent SNAPSHOT #787 to 1 clients (actions: 0)
[SERVER] Sent SNAPSHOT #788 to 1 clients (actions: 0)
[SERVER] Sent SNAPSHOT #789 to 1 clients (actions: 0)
[SERVER] Sent SNAPSHOT #790 to 1 clients (actions: 0)
[SERVER] Sent SNAPSHOT #791 to 1 clients (actions: 0)
[SERVER] Sent SNAPSHOT #792 to 1 clients (actions: 0)
[SERVER] Sent SNAPSHOT #793 to 1 clients (actions: 0)
[SERVER] Sent SNAPSHOT #794 to 1 clients (actions: 0)
[SERVER] Sent SNAPSHOT #795 to 1 clients (actions: 0)
[SERVER] Sent SNAPSHOT #796 to 1 clients (actions: 0)
[SERVER] Sent SNAPSHOT #797 to 1 clients (actions: 0)
[SERVER] Sent SNAPSHOT #798 to 1 clients (actions: 0)
[SERVER] Sent SNAPSHOT #799 to 1 clients (actions: 0)
[SERVER] Sent SNAPSHOT #800 to 1 clients (actions: 0)
[SERVER] Sent SNAPSHOT #801 to 1 clients (actions: 0)
[SERVER] Sent SNAPSHOT #802 to 1 clients (actions: 0)
[SERVER] Sent SNAPSHOT #803 to 1 clients (actions: 0)
[SERVER] Sent SNAPSHOT #804 to 1 clients (actions: 0)
[SERVER] Sent SNAPSHOT #805 to 1 clients (actions: 0)
[SERVER] Sent SNAPSHOT #806 to 1 clients (actions: 0)
[SERVER] Sent SNAPSHOT #807 to 1 clients (actions: 0)
[SERVER] Sent SNAPSHOT #808 to 1 clients (actions: 0)
[SERVER] Sent SNAPSHOT #809 to 1 clients (actions: 0)
[SERVER] Sent SNAPSHOT #810 to 1 clients (actions: 0)
[SERVER] Sent SNAPSHOT #811 to 1 clients (actions: 0)
[SERVER] Sent SNAPSHOT #812 to 1 clients (actions: 0)
[SERVER] Sent SNAPSHOT #813 to 1 clients (actions: 0)
[SERVER] Sent SNAPSHOT #814 to 1 clients (actions: 0)
[SERVER] Sent SNAPSHOT #815 to 1 clients (actions: 0)
[SERVER] Sent SNAPSHOT #816 to 1 clients (actions: 0)
[SERVER] Sent SNAPSHOT #817 to 1 clients (actions: 0)
[SERVER] Sent SNAPSHOT #818 to 1 clients (actions: 0)
[SERVER] Sent SNAPSHOT #819 to 1 clients (actions: 0)
[SERVER] Sent SNAPSHOT #820 to 1 clients (actions: 0)
[SERVER] Sent SNAPSHOT #821 to 1 clients (actions: 0)
[SERVER] Sent SNAPSHOT #822 to 1 clients (actions: 0)
[SERVER] Sent SNAPSHOT #823 to 1 clients (actions: 0)
[SERVER] Sent SNAPSHOT #824 to 1 clients (actions: 0)
[SERVER] Sent SNAPSHOT #825 to 1 clients (actions: 0)
[SERVER] Sent SNAPSHOT #826 to 1 clients (actions: 0)
[SERVER] Sent SNAPSHOT #827 to 1 clients (actions: 0)
[SERVER] Sent SNAPSHOT #828 to 1 clients (actions: 0)
[SERVER] Sent SNAPSHOT #829 to 1 clients (actions: 0)
[SERVER] Sent SNAPSHOT #830 to 1 clients (actions: 0)
[SERVER] Sent SNAPSHOT #831 to 1 clients (actions: 0)
[SERVER] Sent SNAPSHOT #832 to 1 clients (actions: 0)
[SERVER] Sent SNAPSHOT #833 to 1 clients (actions: 0)
[SERVER] Sent SNAPSHOT #834 to 1 clients (actions: 0)
[SERVER] Sent SNAPSHOT #835 to 1 clients (actions: 0)
[SERVER] Sent SNAPSHOT #836 to 1 clients (actions: 0)
[SERVER] Sent SNAPSHOT #837 to 1 clients (actions: 0)
[SERVER] Sent SNAPSHOT #838 to 1 clients (actions: 0)
[SERVER] Sent SNAPSHOT #839 to 1 clients (actions: 0)
[SERVER] Sent SNAPSHOT #840 to 1 clients (actions: 0)
[SERVER] Sent SNAPSHOT #841 to 1 clients (actions: 0)
[SERVER] Sent SNAPSHOT #842 to 1 clients (actions: 0)
[SERVER] Sent SNAPSHOT #843 to 1 clients (actions: 0)
[SERVER] Sent SNAPSHOT #844 to 1 clients (actions: 0)
[SERVER] Sent SNAPSHOT #845 to 1 clients (actions: 0)
[SERVER] Sent SNAPSHOT #846 to 1 clients (actions: 0)
[SERVER] Sent SNAPSHOT #847 to 1 clients (actions: 0)
[SERVER] Sent SNAPSHOT #848 to 1 clients (actions: 0)
[SERVER] Sent SNAPSHOT #849 to 1 clients (actions: 0)
[SERVER] Sent SNAPSHOT #850 to 1 clients (actions: 0)
[SERVER] Sent SNAPSHOT #851 to 1 clients (actions: 0)
[SERVER] Sent SNAPSHOT #852 to 1 clients (actions: 0)
[SERVER] Sent SNAPSHOT #853 to 1 clients (actions: 0)
[SERVER] Sent SNAPSHOT #854 to 1 clients (actions: 0)
[SERVER] Sent SNAPSHOT #855 to 1 clients (actions: 0)
[SERVER] Sent SNAPSHOT #856 to 1 clients (actions: 0)
[SERVER] Sent SNAPSHOT #857 to 1 clients (actions: 0)
[SERVER] Sent SNAPSHOT #858 to 1 clients (actions: 0)
[SERVER] Sent SNAPSHOT #859 to 1 clients (actions: 0)
[SERVER] Sent SNAPSHOT #860 to 1 clients (actions: 0)
[SERVER] Sent SNAPSHOT #861 to 1 clients (actions: 0)
[SERVER] Sent SNAPSHOT #862 to 1 clients (actions: 0)
[SERVER] Sent SNAPSHOT #863 to 1 clients (actions: 0)
[SERVER] Sent SNAPSHOT #864 to 1 clients (actions: 0)
[SERVER] Sent SNAPSHOT #865 to 1 clients (actions: 0)
[SERVER] Sent SNAPSHOT #866 to 1 clients (actions: 0)
[SERVER] Sent SNAPSHOT #867 to 1 clients (actions: 0)
[SERVER] Sent SNAPSHOT #868 to 1 clients (actions: 0)
[SERVER] Sent SNAPSHOT #869 to 1 clients (actions: 0)
[SERVER] Sent SNAPSHOT #870 to 1 clients (actions: 0)
[SERVER] Sent SNAPSHOT #871 to 1 clients (actions: 0)
[SERVER] Sent SNAPSHOT #872 to 1 clients (actions: 0)
[SERVER] Sent SNAPSHOT #873 to 1 clients (actions: 0)
[SERVER] Sent SNAPSHOT #874 to 1 clients (actions: 0)
[SERVER] Sent SNAPSHOT #875 to 1 clients (actions: 0)
[SERVER] Sent SNAPSHOT #876 to 1 clients (actions: 0)
[SERVER] Sent SNAPSHOT #877 to 1 clients (actions: 0)
[SERVER] Sent SNAPSHOT #878 to 1 clients (actions: 0)
[SERVER] Sent SNAPSHOT #879 to 1 clients (actions: 0)
[SERVER] Sent SNAPSHOT #880 to 1 clients (actions: 0)
[SERVER] Sent SNAPSHOT #881 to 1 clients (actions: 0)
[SERVER] Sent SNAPSHOT #882 to 1 clients (actions: 0)
[SERVER] Sent SNAPSHOT #883 to 1 clients (actions: 0)
[SERVER] Sent SNAPSHOT #884 to 1 clients (actions: 0)
[SERVER] Sent SNAPSHOT #885 to 1 clients (actions: 0)
[SERVER] Sent SNAPSHOT #886 to 1 clients (actions: 0)
[SERVER] Sent SNAPSHOT #887 to 1 clients (actions: 0)
[SERVER] Sent SNAPSHOT #888 to 1 clients (actions: 0)
[SERVER] Sent SNAPSHOT #889 to 1 clients (actions: 0)
[SERVER] Sent SNAPSHOT #890 to 1 clients (actions: 0)
[SERVER] Sent SNAPSHOT #891 to 1 clients (actions: 0)
[SERVER] Sent SNAPSHOT #892 to 1 clients (actions: 0)
[SERVER] Sent SNAPSHOT #893 to 1 clients (actions: 0)
[SERVER] Sent SNAPSHOT #894 to 1 clients (actions: 0)
[SERVER] Sent SNAPSHOT #895 to 1 clients (actions: 0)
[SERVER] Sent SNAPSHOT #896 to 1 clients (actions: 0)
[SERVER] Sent SNAPSHOT #897 to 1 clients (actions: 0)
[SERVER] Sent SNAPSHOT #898 to 1 clients (actions: 0)
[SERVER] Sent SNAPSHOT #899 to 1 clients (actions: 0)
[SERVER] Sent SNAPSHOT #900 to 1 clients (actions: 0)
[SERVER] Sent SNAPSHOT #901 to 1 clients (actions: 0)
[SERVER] Sent SNAPSHOT #902 to 1 clients (actions: 0)
[SERVER] Sent SNAPSHOT #903 to 1 clients (actions: 0)
[SERVER] Sent SNAPSHOT #904 to 1 clients (actions: 0)
[SERVER] Sent SNAPSHOT #905 to 1 clients (actions: 0)
[SERVER] Sent SNAPSHOT #906 to 1 clients (actions: 0)
[SERVER] Sent SNAPSHOT #907 to 1 clients (actions: 0)
[SERVER] Sent SNAPSHOT #908 to 1 clients (actions: 0)
[SERVER] Sent SNAPSHOT #909 to 1 clients (actions: 0)
[SERVER] Sent SNAPSHOT #910 to 1 clients (actions: 0)
[SERVER] Sent SNAPSHOT #911 to 1 clients (actions: 0)
[SERVER] Sent SNAPSHOT #912 to 1 clients (actions: 0)
[SERVER] Sent SNAPSHOT #913 to 1 clients (actions: 0)
[SERVER] Sent SNAPSHOT #914 to 1 clients (actions: 0)
[SERVER] Sent SNAPSHOT #915 to 1 clients (actions: 0)
[SERVER] Sent SNAPSHOT #916 to 1 clients (actions: 0)
[SERVER] Sent SNAPSHOT #917 to 1 clients (actions: 0)
[SERVER] Sent SNAPSHOT #918 to 1 clients (actions: 0)
[SERVER] Sent SNAPSHOT #919 to 1 clients (actions: 0)
[SERVER] Sent SNAPSHOT #920 to 1 clients (actions: 0)
[SERVER] Sent SNAPSHOT #921 to 1 clients (actions: 0)
[SERVER] Sent SNAPSHOT #922 to 1 clients (actions: 0)
[SERVER] Sent SNAPSHOT #923 to 1 clients (actions: 0)
[SERVER] Sent SNAPSHOT #924 to 1 clients (actions: 0)
[SERVER] Sent SNAPSHOT #925 to 1 clients (actions: 0)
[SERVER] Sent SNAPSHOT #926 to 1 clients (actions: 0)
[SERVER] Sent SNAPSHOT #927 to 1 clients (actions: 0)
[SERVER] Sent SNAPSHOT #928 to 1 clients (actions: 0)
[SERVER] Sent SNAPSHOT #929 to 1 clients (actions: 0)
[SERVER] Sent SNAPSHOT #930 to 1 clients (actions: 0)
[SERVER] Sent SNAPSHOT #931 to 1 clients (actions: 0)
[SERVER] Sent SNAPSHOT #932 to 1 clients (actions: 0)
[SERVER] Sent SNAPSHOT #933 to 1 clients (actions: 0)
[SERVER] Sent SNAPSHOT #934 to 1 clients (actions: 0)
[SERVER] Sent SNAPSHOT #935 to 1 clients (actions: 0)
[SERVER] Sent SNAPSHOT #936 to 1 clients (actions: 0)
[SERVER] Sent SNAPSHOT #937 to 1 clients (actions: 0)
[SERVER] Sent SNAPSHOT #938 to 1 clients (actions: 0)
[SERVER] Sent SNAPSHOT #939 to 1 clients (actions: 0)
[SERVER] Sent SNAPSHOT #940 to 1 clients (actions: 0)
[SERVER] Sent SNAPSHOT #941 to 1 clients (actions: 0)
[SERVER] Sent SNAPSHOT #942 to 1 clients (actions: 0)
[SERVER] Sent SNAPSHOT #943 to 1 clients (actions: 0)
[SERVER] Sent SNAPSHOT #944 to 1 clients (actions: 0)
[SERVER] Sent SNAPSHOT #945 to 1 clients (actions: 0)
[SERVER] Sent SNAPSHOT #946 to 1 clients (actions: 0)
[SERVER] Sent SNAPSHOT #947 to 1 clients (actions: 0)
[SERVER] Sent SNAPSHOT #948 to 1 clients (actions: 0)
[SERVER] Sent SNAPSHOT #949 to 1 clients (actions: 0)
[SERVER] Sent SNAPSHOT #950 to 1 clients (actions: 0)
[SERVER] Sent SNAPSHOT #951 to 1 clients (actions: 0)
[SERVER] Sent SNAPSHOT #952 to 1 clients (actions: 0)
[SERVER] Sent SNAPSHOT #953 to 1 clients (actions: 0)
[SERVER] Sent SNAPSHOT #954 to 1 clients (actions: 0)
[SERVER] Sent SNAPSHOT #955 to 1 clients (actions: 0)
[SERVER] Sent SNAPSHOT #956 to 1 clients (actions: 0)
[SERVER] Sent SNAPSHOT #957 to 1 clients (actions: 0)
[SERVER] Sent SNAPSHOT #958 to 1 clients (actions: 0)
[SERVER] Sent SNAPSHOT #959 to 1 clients (actions: 0)
[SERVER] Sent SNAPSHOT #960 to 1 clients (actions: 0)
[SERVER] Sent SNAPSHOT #961 to 1 clients (actions: 0)
[SERVER] Sent SNAPSHOT #962 to 1 clients (actions: 0)
[SERVER] Sent SNAPSHOT #963 to 1 clients (actions: 0)
[SERVER] Sent SNAPSHOT #964 to 1 clients (actions: 0)
[SERVER] Sent SNAPSHOT #965 to 1 clients (actions: 0)
[SERVER] Sent SNAPSHOT #966 to 1 clients (actions: 0)
[SERVER] Sent SNAPSHOT #967 to 1 clients (actions: 0)
[SERVER] Sent SNAPSHOT #968 to 1 clients (actions: 0)
[SERVER] Sent SNAPSHOT #969 to 1 clients (actions: 0)
[SERVER] Sent SNAPSHOT #970 to 1 clients (actions: 0)
[SERVER] Sent SNAPSHOT #971 to 1 clients (actions: 0)
[SERVER] Sent SNAPSHOT #972 to 1 clients (actions: 0)
[SERVER] Sent SNAPSHOT #973 to 1 clients (actions: 0)
[SERVER] Sent SNAPSHOT #974 to 1 clients (actions: 0)
[SERVER] Sent SNAPSHOT #975 to 1 clients (actions: 0)
[SERVER] Sent SNAPSHOT #976 to 1 clients (actions: 0)
[SERVER] Sent SNAPSHOT #977 to 1 clients (actions: 0)
[SERVER] Sent SNAPSHOT #978 to 1 clients (actions: 0)
[SERVER] Sent SNAPSHOT #979 to 1 clients (actions: 0)
[SERVER] Sent SNAPSHOT #980 to 1 clients (actions: 0)
[SERVER] Sent SNAPSHOT #981 to 1 clients (actions: 0)
[SERVER] Sent SNAPSHOT #982 to 1 clients (actions: 0)
[SERVER] Sent SNAPSHOT #983 to 1 clients (actions: 0)
[SERVER] Sent SNAPSHOT #984 to 1 clients (actions: 0)
[SERVER] Sent SNAPSHOT #985 to 1 clients (actions: 0)
[SERVER] Sent SNAPSHOT #986 to 1 clients (actions: 0)
[SERVER] Sent SNAPSHOT #987 to 1 clients (actions: 0)
[SERVER] Sent SNAPSHOT #988 to 1 clients (actions: 0)
[SERVER] Sent SNAPSHOT #989 to 1 clients (actions: 0)
[SERVER] Sent SNAPSHOT #990 to 1 clients (actions: 0)
[SERVER] Sent SNAPSHOT #991 to 1 clients (actions: 0)
[SERVER] Sent SNAPSHOT #992 to 1 clients (actions: 0)
[SERVER] Sent SNAPSHOT #993 to 1 clients (actions: 0)
[SERVER] Sent SNAPSHOT #994 to 1 clients (actions: 0)
[SERVER] Sent SNAPSHOT #995 to 1 clients (actions: 0)
[SERVER] Sent SNAPSHOT #996 to 1 clients (actions: 0)
[SERVER] Sent SNAPSHOT #997 to 1 clients (actions: 0)
[SERVER] Sent SNAPSHOT #998 to 1 clients (actions: 0)
[SERVER] Sent SNAPSHOT #999 to 1 clients (actions: 0)
[SERVER] Sent SNAPSHOT #1000 to 1 clients (actions: 0)
[SERVER] Sent SNAPSHOT #1001 to 1 clients (actions: 0)
[SERVER] Sent SNAPSHOT #1002 to 1 clients (actions: 0)
[SERVER] Sent SNAPSHOT #1003 to 1 clients (actions: 0)
[SERVER] Sent SNAPSHOT #1004 to 1 clients (actions: 0)
[SERVER] Sent SNAPSHOT #1005 to 1 clients (actions: 0)
[SERVER] Sent SNAPSHOT #1006 to 1 clients (actions: 0)
[SERVER] Sent SNAPSHOT #1007 to 1 clients (actions: 0)
[SERVER] Sent SNAPSHOT #1008 to 1 clients (actions: 0)
[SERVER] Sent SNAPSHOT #1009 to 1 clients (actions: 0)
[SERVER] Sent SNAPSHOT #1010 to 1 clients (actions: 0)
[SERVER] Sent SNAPSHOT #1011 to 1 clients (actions: 0)
[SERVER] Sent SNAPSHOT #1012 to 1 clients (actions: 0)
[SERVER] Sent SNAPSHOT #1013 to 1 clients (actions: 0)
[SERVER] Sent SNAPSHOT #1014 to 1 clients (actions: 0)
[SERVER] Sent SNAPSHOT #1015 to 1 clients (actions: 0)
[SERVER] Sent SNAPSHOT #1016 to 1 clients (actions: 0)
[SERVER] Sent SNAPSHOT #1017 to 1 clients (actions: 0)
[SERVER] Sent SNAPSHOT #1018 to 1 clients (actions: 0)
[SERVER] Sent SNAPSHOT #1019 to 1 clients (actions: 0)
[SERVER] Sent SNAPSHOT #1020 to 1 clients (actions: 0)
[SERVER] Sent SNAPSHOT #1021 to 1 clients (actions: 0)
[SERVER] Sent SNAPSHOT #1022 to 1 clients (actions: 0)
[SERVER] Sent SNAPSHOT #1023 to 1 clients (actions: 0)
[SERVER] Sent SNAPSHOT #1024 to 1 clients (actions: 0)
[SERVER] Sent SNAPSHOT #1025 to 1 clients (actions: 0)
[SERVER] Sent SNAPSHOT #1026 to 1 clients (actions: 0)
[SERVER] Sent SNAPSHOT #1027 to 1 clients (actions: 0)
[SERVER] Sent SNAPSHOT #1028 to 1 clients (actions: 0)
[SERVER] Sent SNAPSHOT #1029 to 1 clients (actions: 0)
[SERVER] Sent SNAPSHOT #1030 to 1 clients (actions: 0)
[SERVER] Sent SNAPSHOT #1031 to 1 clients (actions: 0)
[SERVER] Sent SNAPSHOT #1032 to 1 clients (actions: 0)
[SERVER] Sent SNAPSHOT #1033 to 1 clients (actions: 0)
[SERVER] Sent SNAPSHOT #1034 to 1 clients (actions: 0)
[SERVER] Sent SNAPSHOT #1035 to 1 clients (actions: 0)
[SERVER] Sent SNAPSHOT #1036 to 1 clients (actions: 0)
[SERVER] Sent SNAPSHOT #1037 to 1 clients (actions: 0)
[SERVER] Sent SNAPSHOT #1038 to 1 clients (actions: 0)
[SERVER] Sent SNAPSHOT #1039 to 1 clients (actions: 0)
[SERVER] Sent SNAPSHOT #1040 to 1 clients (actions: 0)
[SERVER] Sent SNAPSHOT #1041 to 1 clients (actions: 0)
[SERVER] Sent SNAPSHOT #1042 to 1 clients (actions: 0)
[SERVER] Sent SNAPSHOT #1043 to 1 clients (actions: 0)
[SERVER] Sent SNAPSHOT #1044 to 1 clients (actions: 0)
[SERVER] Sent SNAPSHOT #1045 to 1 clients (actions: 0)
[SERVER] Sent SNAPSHOT #1046 to 1 clients (actions: 0)
[SERVER] Sent SNAPSHOT #1047 to 1 clients (actions: 0)
[SERVER] Sent SNAPSHOT #1048 to 1 clients (actions: 0)
[SERVER] Sent SNAPSHOT #1049 to 1 clients (actions: 0)
[SERVER] Sent SNAPSHOT #1050 to 1 clients (actions: 0)
[SERVER] Sent SNAPSHOT #1051 to 1 clients (actions: 0)
[SERVER] Sent SNAPSHOT #1052 to 1 clients (actions: 0)
